R version 3.6.3 (2020-02-29)
Platform: x86_64-pc-linux-gnu (64-bit)
Running under: Ubuntu 18.04.5 LTS

Matrix products: default
BLAS:   /usr/lib/x86_64-linux-gnu/openblas/libblas.so.3
LAPACK: /usr/lib/x86_64-linux-gnu/libopenblasp-r0.2.20.so

locale:
 [1] LC_CTYPE=en_US.UTF-8       LC_NUMERIC=C              
 [3] LC_TIME=en_US.UTF-8        LC_COLLATE=en_US.UTF-8    
 [5] LC_MONETARY=en_US.UTF-8    LC_MESSAGES=en_US.UTF-8   
 [7] LC_PAPER=en_US.UTF-8       LC_NAME=C                 
 [9] LC_ADDRESS=C               LC_TELEPHONE=C            
[11] LC_MEASUREMENT=en_US.UTF-8 LC_IDENTIFICATION=C       

attached base packages:
[1] stats     graphics  grDevices utils     datasets  methods   base     

other attached packages:
[1] SAIGE_0.43

loaded via a namespace (and not attached):
[1] compiler_3.6.3     Matrix_1.2-14      Rcpp_1.0.0         grid_3.6.3        
[5] RcppParallel_4.4.1 lattice_0.20-41   
$vcfFile
[1] "./input/genotype_10markers.missingness.vcf.gz"

$vcfFileIndex
[1] "./input/genotype_10markers.missingness.vcf.gz.tbi"

$vcfField
[1] "GT"

$bgenFile
[1] ""

$bgenFileIndex
[1] ""

$savFile
[1] ""

$savFileIndex
[1] ""

$idstoExcludeFile
[1] ""

$idstoIncludeFile
[1] ""

$rangestoExcludeFile
[1] ""

$rangestoIncludeFile
[1] ""

$chrom
[1] "1"

$start
[1] 1

$end
[1] 2.5e+08

$IsDropMissingDosages
[1] TRUE

$minMAF
[1] 1e-04

$minMAC
[1] 10

$maxMAFforGroupTest
[1] 0.5

$minInfo
[1] 0

$sampleFile
[1] ""

$GMMATmodelFile
[1] "./output/example_binary_includenonAutoforvarRatio_0.41_LOCO_TRUE.rda"

$varianceRatioFile
[1] "./output/example_binary_includenonAutoforvarRatio_0.41_LOCO_TRUE.varianceRatio.txt"

$SAIGEOutputFile
[1] "./output/example_binary_includenonAutoforvarRatio_0.41_LOCO_TRUE.SAIGE.vcf.genotype.txt_new_dropmissing"

$numLinesOutput
[1] 2

$IsSparse
[1] TRUE

$SPAcutoff
[1] 2

$IsOutputAFinCaseCtrl
[1] TRUE

$IsOutputNinCaseCtrl
[1] TRUE

$IsOutputHetHomCountsinCaseCtrl
[1] TRUE

$LOCO
[1] TRUE

$condition
[1] ""

$sparseSigmaFile
[1] ""

$groupFile
[1] ""

$kernel
[1] "linear.weighted"

$method
[1] "optimal.adj"

$weights.beta.rare
[1] "1,25"

$weights.beta.common
[1] "1,25"

$weightMAFcutoff
[1] 0.01

$r.corr
[1] "0"

$IsSingleVarinGroupTest
[1] FALSE

$cateVarRatioMinMACVecExclude
[1] "0.5,1.5,2.5,3.5,4.5,5.5,10.5,20.5"

$cateVarRatioMaxMACVecInclude
[1] "1.5,2.5,3.5,4.5,5.5,10.5,20.5"

$dosageZerodCutoff
[1] 0.2

$IsOutputPvalueNAinGroupTestforBinary
[1] FALSE

$IsAccountforCasecontrolImbalanceinGroupTest
[1] TRUE

$weightsIncludeinGroupFile
[1] FALSE

$IsOutputBETASEinBurdenTest
[1] FALSE

$sampleFile_male
[1] ""

$X_PARregion
[1] ""

$is_rewrite_XnonPAR_forMales
[1] FALSE

$help
[1] FALSE

weights.beta.rare  is  1 25 
weights.beta.common  is  1 25 
cateVarRatioMinMACVecExclude  is  0.5 1.5 2.5 3.5 4.5 5.5 10.5 20.5 
cateVarRatioMaxMACVecInclude  is  1.5 2.5 3.5 4.5 5.5 10.5 20.5 
single-variant association test will be performed
1000  samples have been used to fit the glmm null model
