$dosageFile
[1] ""

$dosageFileNrowSkip
[1] 0

$dosageFileNcolSkip
[1] 5

$dosageFilecolnamesSkip
[1] ""

$vcfFile
[1] "./input/seedNumLow_126001_seedNumHigh_127000_nfam_1000_nindep_0.sav"

$vcfFileIndex
[1] "./input/seedNumLow_126001_seedNumHigh_127000_nfam_1000_nindep_0.sav.s1r"

$vcfField
[1] "DS"

$bgenFile
[1] ""

$bgenFileIndex
[1] ""

$savFile
[1] ""

$savFileIndex
[1] ""

$chrom
[1] "chr1"

$start
[1] 1

$end
[1] 2.5e+08

$minMAF
[1] 0

$minMAC
[1] 0.5

$sampleFile
[1] "./input/samplelist.txt"

$GMMATmodelFile
[1] "./output/example_quantitative.rda"

$varianceRatioFile
[1] "./output/example_quantitative_cate.varianceRatio.txt"

$SAIGEOutputFile
[1] "./output/example_quantitative.SAIGE.gene_conditional.txt"

$numLinesOutput
[1] 1

$IsOutputAFinCaseCtrl
[1] TRUE

$LOCO
[1] FALSE

$condition
[1] "chr1:32302_A/C"

$groupFile
[1] "./input/groupFile_geneBasedtest.txt"

$sparseSigmaFile
[1] "./output/example_quantitative_cate.varianceRatio.txt.sparseSigma.mtx"

$maxMAFforGroupTest
[1] 0.01

$minInfo
[1] 0

$cateVarRatioMinMACVecExclude
[1] "0.5,1.5,2.5,3.5,4.5,5.5,10.5,20.5"

$cateVarRatioMaxMACVecInclude
[1] "1.5,2.5,3.5,4.5,5.5,10.5,20.5"

$IsSingleVarinGroupTest
[1] TRUE

$help
[1] FALSE

[1]  0.5  1.5  2.5  3.5  4.5  5.5 10.5 20.5
[1]  1.5  2.5  3.5  4.5  5.5 10.5 20.5
group-based test will be performed
1000  samples have been used to fit the glmm null model
obj.glmm.null$LOCO:  FALSE 
Leave-one-chromosome-out option is not applied
variance Ratio is  0.995 0.992 0.992 0.996 0.999 0.994 0.986 0.985 
10000  sample IDs are found in sample file
[1] 10000     4
[1] "IID"          "IndexInModel" "IndexDose.x"  "IndexDose.y" 
1000  samples were used in fitting the NULL glmm model and are found in sample file
sparse kinship matrix is going to be used
sparseSigmaFile:  ./output/example_quantitative_cate.varianceRatio.txt.sparseSigma.mtx 
Analysis started at  1.54e+09 Seconds
conditionlist is  condMarkers	chr1:32302_A/C 
Open VCF done
To read the field DS
Number of meta lines in the vcf file (lines starting with ##): 8
Number of samples in in the vcf file: 10000
std::size_t sample_size = marker_file.samples().size();10000
conditioning on  chr1:32302_A/C 
It is a quantitative trait
minMAC:  0.5 
minMAF:  0 
Minimum MAF of markers to be tested is  0.00025 
Analysis started at  1.54e+09 Seconds
genetic variants with  0.00025 <= MAF <=  0.01 are included for gene-based tests
Open VCF done
To read the field DS
Number of meta lines in the vcf file (lines starting with ##): 8
Number of samples in in the vcf file: 10000
It is a quantitative trait
std::size_t sample_size = marker_file.samples().size();10000
cntMarker:  9 
m = 9 
m 9 
dim(G1) 1000 9 
dim(Score) 9 
   user  system elapsed 
  0.024   0.009   0.039 
[1] "at-xt"
   user  system elapsed 
  0.230   0.036   0.267 
[1] "bt-at"
G2_tilde_Ps_G2_tilde:  5.3 
G1_tilde_Ps_G2_tilde:  -0.366 -0.257 -6.06 -0.366 -0.208 -0.365 -0.3 -0.116 -0.272 
G1_tilde_P_G2_tilde_G2_tilde_P_G2_tilde_inv:  -0.069 -0.0486 -1.14 -0.0689 -0.0392 -0.0687 -0.0566 -0.0219 -0.0512 
Score_cond: ,  -49.5 3.18 5.09 61.9 -16.5 -30.2 26.2 51.6 -5.79 
Phi_cond,  3131 -6.17 -6.75 -12 -5.02 -8.07 -5.75 -0.419 -9.83 -6.17 3586 -4.83 -11.7 0.142 -4.87 -2.45 -6.86 -8.43 -6.75 -4.83 1158 -7.88 -5.46 -4.41 -1.4 1.89 -6.28 -12 -11.7 -7.88 3973 -5.09 -10.3 -6.81 2.4 -11.4 -5.02 0.139 -5.45 -5.09 2701 -11.4 -9.03 -3.36 -11.4 -8.07 -4.87 -4.41 -10.3 -11.4 1686 -7.08 2.59 -4.94 -5.75 -2.45 -1.4 -6.81 -9.04 -7.08 1676 0.778 -2.54 -0.419 -6.86 1.89 2.4 -3.36 2.59 0.778 1555 1.73 -9.83 -8.43 -6.28 -11.4 -11.4 -4.94 -2.54 1.73 1673 
dim(Phi) 9 9 
time:  2.04 0.197 2.3 0 0.008   2.27 0.233 2.56 0 0.008   2.5 0.237 2.79 0 0.008   2.5 0.237 2.79 0 0.008 
$p.value
[1] 0.916

$param
$param$p.val.each
[1] 0.847 0.850 0.859 0.870 0.891 0.903 0.753

$param$q.val.each
[1] 5439 5395 5263 5042 4337 3235 1036

$param$rho
[1] 0.00 0.01 0.04 0.09 0.25 0.50 1.00

$param$minp
[1] 0.753

$param$rho_est
[1] 1


$p.value.resampling
NULL

$p.value.cond
[1] 0.914

$condOut
$condOut$p.value
[1] 0.914

$condOut$param
$condOut$param$p.val.each
[1] 0.847 0.850 0.858 0.869 0.891 0.902 0.750

$condOut$param$q.val.each
[1] 5442 5398 5266 5047 4346 3251 1064

$condOut$param$rho
[1] 0.00 0.01 0.04 0.09 0.25 0.50 1.00

$condOut$param$minp
[1] 0.75

$condOut$param$rho_est
[1] 1


$condOut$p.value.resampling
NULL


$IsMeta
[1] TRUE

$markerNumbyMAC
[1] 1 1 3 1 2 1 0 0

$m
[1] 9

saigeskatTest$p.value:  0.916 
   user  system elapsed 
  2.907   0.245   3.205 
[1] 1
std::size_t sample_size = marker_file.samples().size();10000
cntMarker:  7 
m = 7 
m 7 
dim(G1) 1000 7 
dim(Score) 7 
   user  system elapsed 
  0.005   0.000   0.005 
[1] "at-xt"
   user  system elapsed 
  0.149   0.000   0.149 
[1] "bt-at"
G2_tilde_Ps_G2_tilde:  5.3 
G1_tilde_Ps_G2_tilde:  -0.582 -0.0886 -0.198 -0.262 -0.343 -0.082 -0.229 
G1_tilde_P_G2_tilde_G2_tilde_P_G2_tilde_inv:  -0.11 -0.0167 -0.0374 -0.0494 -0.0646 -0.0155 -0.0431 
Score_cond: ,  -27.3 38.6 65.7 -33.9 -12.9 -33.3 13.9 
Phi_cond,  5037 -18.2 -1 0.647 -5.62 -1.1 -11.1 -18.2 3023 -2.3 -8.3 -5.57 -4.94 -9.27 -0.997 -2.29 1143 -5.54 -3.57 -0.753 0.524 0.651 -8.3 -5.52 2267 -1.93 -5.62 5.91 -5.62 -5.56 -3.57 -1.93 1693 1.31 -5.15 -1.09 -4.94 -0.755 -5.62 1.31 1140 1.85 -11.1 -9.28 0.524 5.91 -5.15 1.85 2548 
dim(Phi) 7 7 
time:  2.92 0.237 3.22 0 0.008   3.07 0.237 3.37 0 0.008   3.26 0.237 3.56 0 0.008   3.26 0.237 3.56 0 0.008 
$p.value
[1] 1

$param
$param$p.val.each
[1] 0.770 0.775 0.787 0.805 0.849 0.895 0.936

$param$q.val.each
[1] 4583.3 4538.1 4402.3 4175.9 3451.6 2320.0   61.1

$param$rho
[1] 0.00 0.01 0.04 0.09 0.25 0.50 1.00

$param$minp
[1] 0.77

$param$rho_est
[1] 0


$p.value.resampling
NULL

$p.value.cond
[1] 1

$condOut
$condOut$p.value
[1] 1

$condOut$param
$condOut$param$p.val.each
[1] 0.770 0.775 0.787 0.805 0.849 0.895 0.935

$condOut$param$q.val.each
[1] 4582.4 4537.2 4401.4 4175.2 3451.3 2320.2   62.5

$condOut$param$rho
[1] 0.00 0.01 0.04 0.09 0.25 0.50 1.00

$condOut$param$minp
[1] 0.77

$condOut$param$rho_est
[1] 0


$condOut$p.value.resampling
NULL


$IsMeta
[1] TRUE

$markerNumbyMAC
[1] 2 0 3 0 0 2 0 0

$m
[1] 7

saigeskatTest$p.value:  1 
   user  system elapsed 
  3.384   0.245   3.683 
[1] 2
std::size_t sample_size = marker_file.samples().size();10000
cntMarker:  13 
m = 13 
m 13 
dim(G1) 1000 13 
dim(Score) 13 
   user  system elapsed 
  0.006   0.000   0.007 
[1] "at-xt"
   user  system elapsed 
  0.284   0.000   0.283 
[1] "bt-at"
G2_tilde_Ps_G2_tilde:  5.3 
G1_tilde_Ps_G2_tilde:  126 -0.21 -0.157 -0.273 -6.14 -0.911 -0.291 0.0457 -0.258 -0.381 -0.214 -0.322 24.1 
G1_tilde_P_G2_tilde_G2_tilde_P_G2_tilde_inv:  23.8 -0.0397 -0.0297 -0.0515 -1.16 -0.171 -0.0547 0.00861 -0.0487 -0.072 -0.0403 -0.0608 4.52 
Score_cond: ,  3.55e-15 40.7 37 36.1 -39.7 52.3 -4.57 24.6 -3.67 -74.9 -69 -63.5 -90.9 
Phi_cond,  1.82e-12 0.0109 0.0173 0.0141 -0.00723 0.000867 0.00313 0.00623 -0.000794 0.00134 5.97e-05 -0.00355 0.172 -8.88e-16 3619 -6.52 -7.81 -23.3 -25.1 -4.2 -3.33 -4.13 -9.35 -7.48 -9.44 -22.1 -8.88e-15 -6.52 3187 -9.88 -8.07 -21.9 3 -13.6 3.6 -5.91 -10.7 -10.9 -20.8 0 -7.81 -9.88 3253 -9.8 -16.7 -2.64 -6.01 -0.494 -6.22 -6.72 -8.58 -17.5 1.99e-13 -23.3 -8.07 -9.8 5135 -33.9 -10.9 1.01 -10.4 -15.4 -6.91 -13.4 -3.71 -1.78e-14 -25.1 -21.9 -16.7 -33.9 7066 -7.08 -14.7 -4.86 12 -15.7 -23.6 -72.6 -1.15e-14 -4.2 3 -2.64 -10.9 -7.08 2229 7.06 -5.88 -5.37 0.313 -3.52 -10.5 -8.88e-16 -3.33 -13.6 -6.01 1.01 -14.7 7.06 1860 2.04 -3.42 -5.48 -5.85 -2.94 2.66e-15 -4.13 3.6 -0.493 -10.4 -4.86 -5.89 2.04 1877 -3.34 -1.01 -2.99 -12.5 3.55e-15 -9.35 -5.91 -6.22 -15.4 12 -5.37 -3.42 -3.34 2999 -6.04 -9.03 -22.4 3.55e-15 -7.48 -10.7 -6.72 -6.91 -15.7 0.314 -5.48 -1.01 -6.04 2291 -7.83 -9 -7.11e-15 -9.44 -10.9 -8.58 -13.4 -23.6 -3.52 -5.85 -2.99 -9.03 -7.83 3565 -22.1 5.68e-13 -22.1 -20.8 -17.5 -3.71 -72.7 -10.4 -2.95 -12.5 -22.4 -9 -22.1 7220 
dim(Phi) 13 13 
time:  3.4 0.237 3.7 0 0.008   3.68 0.237 3.98 0 0.008   4.04 0.305 4.41 0 0.008   4.04 0.305 4.41 0 0.008 
$p.value
[1] 0.718

$param
$param$p.val.each
[1] 0.767 0.769 0.774 0.777 0.762 0.682 0.503

$param$q.val.each
[1] 15869 15815 15655 15387 14531 13194 10524

$param$rho
[1] 0.00 0.01 0.04 0.09 0.25 0.50 1.00

$param$minp
[1] 0.503

$param$rho_est
[1] 1


$p.value.resampling
NULL

$p.value.cond
[1] 1

$condOut
$condOut$p.value
[1] 1

$condOut$param
[1] NA

$condOut$p.value.resampling
[1] NA

$condOut$pval.zero.msg
[1] NA

$condOut$Q
[1] NA


$IsMeta
[1] TRUE

$markerNumbyMAC
[1] 0 2 1 5 1 2 2 0

$m
[1] 13

saigeskatTest$p.value:  0.718 
   user  system elapsed 
  4.369   0.313   4.737 
[1] 3
std::size_t sample_size = marker_file.samples().size();10000
cntMarker:  15 
m = 15 
m 15 
dim(G1) 1000 15 
dim(Score) 15 
   user  system elapsed 
  0.009   0.000   0.010 
[1] "at-xt"
   user  system elapsed 
  0.338   0.004   0.341 
[1] "bt-at"
G2_tilde_Ps_G2_tilde:  5.3 
G1_tilde_Ps_G2_tilde:  -0.179 -0.804 -0.249 0.0506 -0.55 -0.184 -0.19 -0.35 -0.35 -0.216 -0.127 -0.685 -0.35 -0.523 -0.171 
G1_tilde_P_G2_tilde_G2_tilde_P_G2_tilde_inv:  -0.0337 -0.152 -0.0469 0.00954 -0.104 -0.0346 -0.0359 -0.066 -0.066 -0.0406 -0.024 -0.128 -0.066 -0.0986 -0.0323 
Score_cond: ,  19.7 48 32.5 -6.34 49.2 16.6 -22.5 129 129 5.22 48 -11.8 129 13 -86.3 
Phi_cond,  1131 -1.42 -2.31 -1.71 -2.26 -2.81 -0.797 -3.31 -3.31 -3.58 -4.6 -5.46 -3.31 -3.03 -3.1 -1.42 4751 -6.5 -8.47 -18.4 -13.7 -0.99 -6.13 -6.13 -10.5 -13.2 -26.4 -6.13 -25.4 -8.77 -2.31 -6.5 1679 -3.02 -8.46 -4.92 -0.107 -3.99 -3.99 -7.23 -2.17 -12.8 -3.99 -13 -2.93 -1.71 -8.47 -3.02 1144 -1.95 0.959 1.42 -13.1 -13.1 -10.7 2.72 -6.16 -13.1 -5.41 0.42 -2.26 -18.4 -8.46 -1.96 3921 -9 -4.97 -8.07 -8.07 -5.01 -11 -20.3 -8.07 -15.2 -7.65 -2.81 -13.7 -4.92 0.956 -9 1709 -3.77 -6.73 -6.73 -3.66 -3.27 -11.6 -6.73 -7.88 -3.56 -0.796 -0.989 -0.106 1.42 -4.97 -3.77 1133 3.14 3.14 0.0281 -181 -6.25 3.14 -5.72 -2.73 -3.31 -6.13 -3.99 -13.1 -8.07 -6.73 3.14 4939 4939 -23.6 -2.37 -21.2 4939 -20.5 -4.88 -3.31 -6.13 -3.99 -13.1 -8.07 -6.73 3.14 4939 4939 -23.6 -2.37 -21.2 4939 -20.5 -4.88 -3.58 -10.5 -7.23 -10.7 -5.01 -3.66 0.0254 -23.6 -23.6 4430 -2.44 -16.4 -23.6 -11.7 -4.71 -4.6 -13.2 -2.17 2.71 -11 -3.27 -181 -2.37 -2.37 -2.44 2513 -12.3 -2.37 -11.4 -2.1 -5.45 -26.4 -12.8 -6.16 -20.3 -11.6 -6.25 -21.2 -21.2 -16.4 -12.3 5559 -21.2 4019 -11.1 -3.31 -6.13 -3.99 -13.1 -8.07 -6.73 3.14 4939 4939 -23.6 -2.37 -21.2 4939 -20.5 -4.88 -3.03 -25.4 -13 -5.41 -15.2 -7.88 -5.71 -20.5 -20.5 -11.7 -11.4 4019 -20.5 4194 -8.55 -3.1 -8.77 -2.93 0.42 -7.66 -3.56 -2.73 -4.88 -4.88 -4.71 -2.1 -11.1 -4.88 -8.55 1690 
dim(Phi) 15 15 
time:  4.39 0.305 4.76 0 0.008   4.73 0.309 5.1 0 0.008   5.14 0.313 5.51 0 0.008   5.14 0.313 5.51 0 0.008 
$p.value
[1] 0.147

$param
$param$p.val.each
[1] 0.2000 0.1907 0.1671 0.1393 0.1032 0.0936 0.0915

$param$q.val.each
[1]  33301  34170  36778  41123  55029  76757 120125

$param$rho
[1] 0.00 0.01 0.04 0.09 0.25 0.50 1.00

$param$minp
[1] 0.0915

$param$rho_est
[1] 1


$p.value.resampling
NULL

$p.value.cond
[1] 0.146

$condOut
$condOut$p.value
[1] 0.146

$condOut$param
$condOut$param$p.val.each
[1] 0.1997 0.1904 0.1669 0.1391 0.1030 0.0933 0.0913

$condOut$param$q.val.each
[1]  33316  34187  36799  41153  55085  76853 120303

$condOut$param$rho
[1] 0.00 0.01 0.04 0.09 0.25 0.50 1.00

$condOut$param$minp
[1] 0.0913

$condOut$param$rho_est
[1] 1


$condOut$p.value.resampling
NULL


$IsMeta
[1] TRUE

$markerNumbyMAC
[1] 3 0 4 0 0 7 1 0

$m
[1] 15

saigeskatTest$p.value:  0.147 
   user  system elapsed 
  5.699   0.337   6.090 
[1] 4
std::size_t sample_size = marker_file.samples().size();10000
cntMarker:  10 
m = 10 
m 10 
dim(G1) 1000 10 
dim(Score) 10 
   user  system elapsed 
  0.002   0.008   0.010 
[1] "at-xt"
   user  system elapsed 
  0.244   0.044   0.289 
[1] "bt-at"
G2_tilde_Ps_G2_tilde:  5.3 
G1_tilde_Ps_G2_tilde:  -0.0562 -0.102 -0.376 -0.339 -0.358 -0.0563 -0.255 -0.276 -0.141 -0.792 
G1_tilde_P_G2_tilde_G2_tilde_P_G2_tilde_inv:  -0.0106 -0.0192 -0.0706 -0.0639 -0.0677 -0.0106 -0.0482 -0.0521 -0.0265 -0.149 
Score_cond: ,  -5.76 -23.6 213 -40.5 11.5 2.66 70.9 97.8 57.8 -21.1 
Phi_cond,  1131 -1.11 -10.4 -3.26 -1.33 -1.5 0.0582 -2.94 -3.03 1034 -1.11 1136 -11.4 -2.92 -1.66 -1.91 0.714 -3.27 -3.15 -5.48 -10.4 -11.4 9547 -40.9 -13.6 -13.1 -12.2 -518 -4.03 -63.7 -3.26 -2.93 -40.9 3401 -5.25 -7.36 -3.62 -11 -0.349 -19.7 -1.33 -1.66 -13.6 -5.25 2665 -2.2 -5.63 -6.18 1.5 -11.5 -1.5 -1.91 -13.1 -7.35 -2.2 1516 -2.37 -3.19 -1.83 -12.3 0.0569 0.714 -12.2 -3.62 -5.63 -2.37 1133 -4.16 4.49 -0.967 -2.94 -3.27 -518 -11 -6.18 -3.19 -4.16 2939 -0.626 -17.6 -3.03 -3.15 -4.03 -0.35 1.5 -1.83 4.48 -0.628 1899 -3.77 1034 -5.48 -63.7 -19.7 -11.5 -12.3 -0.968 -17.6 -3.77 6736 
dim(Phi) 10 10 
time:  5.71 0.337 6.11 0 0.008   5.96 0.381 6.4 0 0.008   6.2 0.385 6.65 0 0.008   6.2 0.385 6.65 0 0.008 
$p.value
[1] 0.0594

$param
$param$p.val.each
[1] 0.0571 0.0549 0.0494 0.0425 0.0335 0.0358 0.0446

$param$q.val.each
[1] 32959 33285 34262 35890 41102 49245 65499

$param$rho
[1] 0.00 0.01 0.04 0.09 0.25 0.50 1.00

$param$minp
[1] 0.0335

$param$rho_est
[1] 0.25


$p.value.resampling
NULL

$p.value.cond
[1] 0.0593

$condOut
$condOut$p.value
[1] 0.0593

$condOut$param
$condOut$param$p.val.each
[1] 0.0570 0.0549 0.0493 0.0424 0.0335 0.0357 0.0445

$condOut$param$q.val.each
[1] 32967 33293 34272 35904 41126 49286 65573

$condOut$param$rho
[1] 0.00 0.01 0.04 0.09 0.25 0.50 1.00

$condOut$param$minp
[1] 0.0335

$condOut$param$rho_est
[1] 0.25


$condOut$p.value.resampling
NULL


$IsMeta
[1] TRUE

$markerNumbyMAC
[1] 3 2 0 1 1 2 1 0

$m
[1] 10

saigeskatTest$p.value:  0.0594 
   user  system elapsed 
  6.698   0.401   7.154 
[1] 5
std::size_t sample_size = marker_file.samples().size();10000
cntMarker:  16 
m = 16 
m 16 
dim(G1) 1000 16 
dim(Score) 16 
   user  system elapsed 
  0.007   0.000   0.006 
[1] "at-xt"
   user  system elapsed 
  0.339   0.016   0.356 
[1] "bt-at"
G2_tilde_Ps_G2_tilde:  5.3 
G1_tilde_Ps_G2_tilde:  -0.591 -0.0351 -0.0844 -0.351 0.0662 -0.0743 -0.444 -0.173 -0.187 -0.349 -0.0918 -0.436 -0.436 -0.286 -0.15 -0.22 
G1_tilde_P_G2_tilde_G2_tilde_P_G2_tilde_inv:  -0.111 -0.00661 -0.0159 -0.0661 0.0125 -0.014 -0.084 -0.0326 -0.0352 -0.0658 -0.0173 -0.0823 -0.0823 -0.0539 -0.0283 -0.0414 
Score_cond: ,  114 37.7 -6.82 -3.76 34.6 12.1 -13.6 22 3.95 53.2 -64.9 -35.6 -35.6 -52.4 72.6 -45 
Phi_cond,  6166 -4.91 -5.55 -16 3.89 -1.26 -20.9 -23.1 -13.2 -19.1 -3.92 -30.1 -30.1 -12.3 -8.4 -11.3 -4.91 1147 -3.24 1.42 -2.05 0.07 -1.11 1.21 -1.78 -4.08 -0.333 -3.37 -3.37 0.777 -2.36 -0.735 -5.55 -3.24 1525 2.81 -27.5 -3.29 -4.02 -1.72 -2.04 -9.96 -4.39 -0.951 -0.951 -1.9 -3.89 -0.454 -16 1.42 2.81 2401 2.91 -2.13 -7.65 -7.63 -5.15 -4.85 -5.19 -9.73 -9.73 -9.08 0.807 -2.69 3.89 -2.05 -27.5 2.91 1123 -1.81 -2.5 -1.88 -1.22 -8.04 -1.69 3.34 3.34 1.05 -3.43 -1.44 -1.26 0.0699 -3.29 -2.13 -1.81 1900 -4.03 -5.93 -4.15 -6.55 -2.06 -1.5 -1.5 -1.92 -0.914 -3 -20.9 -1.12 -4.02 -7.65 -2.5 -4.03 3056 -12.1 -9.83 -15.7 -8.99 -12.2 -12.2 -10.6 -2.7 -5.44 -23.1 1.21 -1.72 -7.63 -1.87 -5.93 -12.1 2224 -0.617 -9.09 -5.5 -1.73 -1.73 -9.77 -3.31 -3.57 -13.2 -1.78 -2.04 -5.15 -1.22 -4.15 -9.83 -0.616 1702 -7.8 -3.48 -6.84 -6.84 -7.12 -4.69 -2.49 -19.1 -4.08 -9.96 -4.85 -8.04 -6.55 -15.7 -9.09 -7.8 4231 -9.38 -9.64 -9.64 -9.85 -7.71 -5.94 -3.92 -0.333 -4.39 -5.2 -1.69 -2.06 -8.99 -5.51 -3.48 -9.38 2328 -3.51 -3.51 -4.43 -3.41 -4.82 -30.1 -3.37 -0.951 -9.73 3.34 -1.5 -12.2 -1.73 -6.84 -9.64 -3.51 3911 3911 -9.05 -4.75 -5.18 -30.1 -3.37 -0.951 -9.73 3.34 -1.5 -12.2 -1.73 -6.84 -9.64 -3.51 3911 3911 -9.05 -4.75 -5.18 -12.3 0.777 -1.9 -9.08 1.06 -1.92 -10.6 -9.77 -7.12 -9.85 -4.43 -9.05 -9.05 3275 -1.56 -5.86 -8.4 -2.36 -3.89 0.805 -3.43 -0.916 -2.7 -3.31 -4.69 -7.71 -3.41 -4.75 -4.75 -1.56 1570 -1.29 -11.3 -0.733 -0.455 -2.69 -1.45 -3 -5.44 -3.57 -2.49 -5.94 -4.83 -5.18 -5.18 -5.87 -1.29 1799 
dim(Phi) 16 16 
time:  6.71 0.393 7.17 0 0.008   7.05 0.409 7.53 0 0.008   7.43 0.477 7.98 0 0.008   7.43 0.477 7.98 0 0.008 
$p.value
[1] 0.787

$param
$param$p.val.each
[1] 0.576 0.584 0.605 0.635 0.694 0.728 0.678

$param$q.val.each
[1] 18003 17866 17452 16762 14555 11106  4222

$param$rho
[1] 0.00 0.01 0.04 0.09 0.25 0.50 1.00

$param$minp
[1] 0.576

$param$rho_est
[1] 0


$p.value.resampling
NULL

$p.value.cond
[1] 0.787

$condOut
$condOut$p.value
[1] 0.787

$condOut$param
$condOut$param$p.val.each
[1] 0.576 0.584 0.605 0.635 0.694 0.727 0.677

$condOut$param$q.val.each
[1] 18006 17868 17455 16766 14563 11120  4248

$condOut$param$rho
[1] 0.00 0.01 0.04 0.09 0.25 0.50 1.00

$condOut$param$minp
[1] 0.576

$condOut$param$rho_est
[1] 0


$condOut$p.value.resampling
NULL


$IsMeta
[1] TRUE

$markerNumbyMAC
[1] 2 4 3 2 3 2 0 0

$m
[1] 16

saigeskatTest$p.value:  0.787 
   user  system elapsed 
  7.921   0.489   8.466 
[1] 6
std::size_t sample_size = marker_file.samples().size();10000
cntMarker:  13 
m = 13 
m 13 
dim(G1) 1000 13 
dim(Score) 13 
   user  system elapsed 
  0.005   0.008   0.012 
[1] "at-xt"
   user  system elapsed 
  0.334   0.024   0.358 
[1] "bt-at"
G2_tilde_Ps_G2_tilde:  5.3 
G1_tilde_Ps_G2_tilde:  0.121 -0.185 -0.217 -0.00146 38.9 -0.201 -0.0272 -0.765 -0.0268 -0.332 -0.181 -0.187 -0.0574 
G1_tilde_P_G2_tilde_G2_tilde_P_G2_tilde_inv:  0.0228 -0.0348 -0.0409 -0.000274 7.33 -0.0379 -0.00513 -0.144 -0.00505 -0.0625 -0.0341 -0.0351 -0.0108 
Score_cond: ,  44.6 44.2 10.9 -19.7 -73.2 -20.9 -18.8 -105 63 -36.1 17.3 27.5 -12.3 
Phi_cond,  1866 -2.63 3.04 -4.06 -8.18 -3.62 -2.98 -14 -3.29 3.65 1.54 -5.12 -2.92 -2.63 1542 -1.57 -1.46 -4.05 -0.796 -1.9 -5.2 -1.92 -1.66 -3 -1.22 -5.8 3.04 -1.57 1562 2.56 -7.41 -23.7 1.18 -6.79 0.756 -5.84 -3.51 -1.23 -0.859 -4.06 -1.46 2.56 1154 -1.15 0.096 -3.96 -7.25 -3.55 2.42 -0.708 -1.12 -5.59 -8.18 -4.05 -7.41 -1.15 4817 -6.98 -2.59 -15 -20.1 -3.38 -9.22 -7.67 -21.8 -3.62 -0.796 -23.7 0.0977 -6.98 2251 -0.392 -4.22 -2.33 3.02 -1.65 -5.02 -10.1 -2.98 -1.9 1.18 -3.96 -2.58 -0.392 1154 -7.74 -2.65 -0.254 -1.33 -0.747 -3.49 -13.9 -5.2 -6.79 -7.25 -15 -4.23 -7.74 5277 -7.32 -6.74 -11.5 -4.83 -22.7 -3.29 -1.92 0.756 -3.55 -20.1 -2.34 -2.65 -7.32 1154 0.451 -0.795 -2.22 -3.86 3.65 -1.66 -5.84 2.42 -3.38 3.02 -0.253 -6.74 0.452 2174 -6.56 2.95 -0.579 1.54 -3 -3.51 -0.709 -9.22 -1.65 -1.34 -11.5 -0.795 -6.56 1673 -1.56 -0.664 -5.12 -1.22 -1.23 -1.12 -7.67 -5.02 -0.747 -4.83 -2.22 2.95 -1.56 1565 -10.4 -2.92 -5.8 -0.859 -5.59 -21.8 -10.1 -3.49 -22.7 -3.86 -0.579 -0.665 -10.4 3023 
dim(Phi) 13 13 
time:  7.94 0.493 8.49 0 0.008   8.27 0.517 8.85 0 0.008   8.56 0.517 9.15 0 0.008   8.56 0.517 9.15 0 0.008 
$p.value
[1] 0.697

$param
$param$p.val.each
[1] 0.482 0.489 0.508 0.538 0.608 0.663 0.655

$param$q.val.each
[1] 13860 13750 13421 12871 11114  8368  2887

$param$rho
[1] 0.00 0.01 0.04 0.09 0.25 0.50 1.00

$param$minp
[1] 0.482

$param$rho_est
[1] 0


$p.value.resampling
NULL

$p.value.cond
[1] 0.675

$condOut
$condOut$p.value
[1] 0.675

$condOut$param
$condOut$param$p.val.each
[1] 0.461 0.468 0.488 0.518 0.589 0.644 0.642

$condOut$param$q.val.each
[1] 14061 13952 13622 13074 11318  8574  3098

$condOut$param$rho
[1] 0.00 0.01 0.04 0.09 0.25 0.50 1.00

$condOut$param$minp
[1] 0.461

$condOut$param$rho_est
[1] 0


$condOut$p.value.resampling
NULL


$IsMeta
[1] TRUE

$markerNumbyMAC
[1] 3 5 2 0 0 3 0 0

$m
[1] 13

saigeskatTest$p.value:  0.697 
   user  system elapsed 
  9.042   0.565   9.663 
[1] 7
std::size_t sample_size = marker_file.samples().size();10000
cntMarker:  16 
m = 16 
m 16 
dim(G1) 1000 16 
dim(Score) 16 
   user  system elapsed 
  0.003   0.008   0.012 
[1] "at-xt"
   user  system elapsed 
  0.347   0.024   0.370 
[1] "bt-at"
G2_tilde_Ps_G2_tilde:  5.3 
G1_tilde_Ps_G2_tilde:  -0.262 0.0437 28.3 -0.216 -0.0257 -0.0662 -0.0337 -0.0642 -0.117 -0.831 -0.348 -0.117 -0.238 -0.133 -0.227 -0.687 
G1_tilde_P_G2_tilde_G2_tilde_P_G2_tilde_inv:  -0.0494 0.00825 5.32 -0.0408 -0.00484 -0.0125 -0.00634 -0.0121 -0.022 -0.156 -0.0656 -0.022 -0.0448 -0.0252 -0.0428 -0.129 
Score_cond: ,  -33.9 49.5 -4.84 -66.7 51.8 19.6 -51.7 96.4 -14.8 -29.5 -10.9 -14.8 -6.74 -87.8 40.9 -89.7 
Phi_cond,  2267 3.71 -5.35 -7.47 -7.53 9.47 -9.27 2.25 1.78 -4.92 9.47 1.78 -5.45 -6.29 -1.76 -16.6 3.71 2600 2.11 0.416 2.91 -12.4 -0.359 -3.23 -2.4 -4.42 -20.4 -2.4 -0.273 3.38 -2.6 0.045 -5.35 2.11 2056 -2.42 -1.93 2.68 0.611 0.572 -1.48 -12.2 1.69 -1.48 -3.74 -3.88 -2.69 -9.25 -7.47 0.414 -2.42 2611 -5.11 2.85 -3.5 0.904 -1.04 -13.4 78.6 -1.04 -5.44 -5.88 -3.46 -14 -7.53 2.91 -1.93 -5.11 1795 5.15 -7.42 4.97 2.08 -4.13 5.31 2.08 -3.35 -2.8 -0.492 -8.74 9.47 -12.4 2.68 2.85 5.15 1101 3.01 -9.93 -3.54 0.683 -23.7 -3.54 1.72 1.75 -2.42 -71.9 -9.27 -0.361 0.61 -3.5 -7.42 3.01 1841 5.05 -0.115 -15.4 2.1 -0.115 -4.66 -6.2 -2.15 -9.66 2.25 -3.23 0.572 0.903 4.97 -9.93 5.05 2200 -4.23 -12.6 -17.1 -4.23 -1.36 1.65 -4.02 -3.01 1.78 -2.4 -1.47 -1.04 2.08 -3.53 -0.115 -4.23 1163 -2.31 -7.8 1163 -0.736 0.18 -1.91 -4.27 -4.93 -4.42 -12.2 -13.4 -4.13 0.681 -15.4 -12.6 -2.31 5479 -13.5 -2.31 -10 -8.52 -8.68 -36.7 9.47 -20.4 1.69 78.6 5.3 -23.7 2.1 -17.1 -7.81 -13.5 4377 -7.81 -2.69 -1.71 -8.36 -10.7 1.78 -2.4 -1.47 -1.04 2.08 -3.53 -0.115 -4.23 1163 -2.31 -7.8 1163 -0.736 0.18 -1.91 -4.27 -5.45 -0.273 -3.74 -5.44 -3.35 1.72 -4.66 -1.36 -0.734 -10 -2.69 -0.734 1678 -4.36 -3.42 -14.7 -6.29 3.39 -3.88 -5.88 -2.8 1.75 -6.2 1.65 0.181 -8.51 -1.71 0.181 -4.36 2433 -2.72 -12.7 -1.76 -2.59 -2.69 -3.47 -0.492 -2.42 -2.15 -4.02 -1.91 -8.68 -8.36 -1.91 -3.42 -2.72 1691 -11.4 -16.6 0.0445 -9.25 -14 -8.74 -71.9 -9.66 -3.02 -4.27 -36.7 -10.7 -4.27 -14.7 -12.7 -11.4 6351 
dim(Phi) 16 16 
time:  9.06 0.565 9.69 0 0.008   9.4 0.589 10.1 0 0.008   9.78 0.589 10.4 0 0.008   9.78 0.589 10.4 0 0.008 
$p.value
[1] 0.621

$param
$param$p.val.each
[1] 0.410 0.415 0.429 0.448 0.479 0.475 0.462

$param$q.val.each
[1] 21003 20907 20620 20142 18613 16223 11453

$param$rho
[1] 0.00 0.01 0.04 0.09 0.25 0.50 1.00

$param$minp
[1] 0.41

$param$rho_est
[1] 0


$p.value.resampling
NULL

$p.value.cond
[1] 0.616

$condOut
$condOut$p.value
[1] 0.616

$condOut$param
$condOut$param$p.val.each
[1] 0.407 0.411 0.424 0.443 0.473 0.467 0.456

$condOut$param$q.val.each
[1] 21002 20909 20631 20167 18683 16364 11735

$condOut$param$rho
[1] 0.00 0.01 0.04 0.09 0.25 0.50 1.00

$condOut$param$minp
[1] 0.407

$condOut$param$rho_est
[1] 0


$condOut$p.value.resampling
NULL


$IsMeta
[1] TRUE

$markerNumbyMAC
[1] 3 2 5 3 0 1 2 0

$m
[1] 16

saigeskatTest$p.value:  0.621 
   user  system elapsed 
 10.307   0.673  11.037 
[1] 8
std::size_t sample_size = marker_file.samples().size();10000
cntMarker:  16 
m = 16 
m 16 
dim(G1) 1000 16 
dim(Score) 16 
   user  system elapsed 
  0.006   0.004   0.009 
[1] "at-xt"
   user  system elapsed 
  0.337   0.004   0.340 
[1] "bt-at"
G2_tilde_Ps_G2_tilde:  5.3 
G1_tilde_Ps_G2_tilde:  -0.0511 -0.309 -0.104 -0.416 -0.541 -0.648 -0.134 -0.313 -0.648 -0.312 -0.201 -0.192 -0.309 -0.275 -0.14 -0.33 
G1_tilde_P_G2_tilde_G2_tilde_P_G2_tilde_inv:  -0.00963 -0.0583 -0.0196 -0.0785 -0.102 -0.122 -0.0253 -0.059 -0.122 -0.0588 -0.0379 -0.0361 -0.0583 -0.0519 -0.0264 -0.0621 
Score_cond: ,  -37 75.5 3.4 -42.8 3.67 123 49.5 13.1 123 -80.5 -0.356 -47.5 75.5 0.259 -40 -12.9 
Phi_cond,  1153 -3.55 -0.702 -4.51 0.81 -9.42 2.1 -0.447 -9.42 2.77 -4.05 -3.21 -3.55 -3.15 -2.73 -1.62 -3.55 2609 -3.38 -5.36 -7.26 -14.5 -3.35 -2.9 -14.5 -2.29 -2.97 -4.87 2609 -3.12 -0.835 -5.31 -0.702 -3.39 1185 -4.15 -3.87 -6.85 -1.09 -2.35 -6.85 -1.45 -2.19 -2.29 -3.39 -2.45 -1.66 -2.66 -4.5 -5.36 -4.15 2994 -10.8 -22.1 -5.41 -5.26 -22.1 -3.18 -4.48 -6.98 -5.36 -4.54 -3.16 -6.84 0.812 -7.26 -3.87 -10.8 3726 -11.1 -14.2 -9.67 -11.1 -13.5 -1.1 -4.95 -7.26 -4.05 -3.28 -7.84 -9.42 -14.5 -6.85 -22.1 -11.1 6821 -2.9 -6.92 6821 0.258 -14.5 -15.3 -14.5 -13.4 -9.63 -12.1 2.11 -3.35 -1.08 -5.41 -14.2 -2.9 2285 -8.61 -2.9 -12.7 -0.289 -0.233 -3.35 -3.4 -3.89 -4.1 -0.446 -2.9 -2.35 -5.26 -9.67 -6.92 -8.6 2322 -6.92 -6.57 -0.676 -3 -2.9 -1.85 -3.04 -3.05 -9.42 -14.5 -6.85 -22.1 -11.1 6821 -2.9 -6.92 6821 0.258 -14.5 -15.3 -14.5 -13.4 -9.63 -12.1 2.77 -2.29 -1.45 -3.18 -13.5 0.26 -12.7 -6.57 0.26 1540 2.79 -0.582 -2.29 0.403 -2.07 -2.25 -4.05 -2.97 -2.19 -4.48 -1.1 -14.5 -0.29 -0.676 -14.5 2.79 1547 -4.89 -2.97 -2.78 -2.52 -2.57 -3.21 -4.87 -2.29 -6.98 -4.96 -15.3 -0.234 -3 -15.3 -0.582 -4.89 1703 -4.87 -4.73 -2.74 -4.87 -3.55 2609 -3.38 -5.36 -7.26 -14.5 -3.35 -2.9 -14.5 -2.29 -2.97 -4.87 2609 -3.12 -0.835 -5.31 -3.15 -3.12 -2.45 -4.54 -4.04 -13.4 -3.4 -1.85 -13.4 0.403 -2.78 -4.73 -3.12 1564 -2.36 -2.89 -2.73 -0.834 -1.66 -3.16 -3.28 -9.63 -3.89 -3.04 -9.63 -2.07 -2.52 -2.73 -0.834 -2.36 2317 -0.423 -1.62 -5.32 -2.66 -6.83 -7.84 -12.1 -4.1 -3.05 -12.1 -2.26 -2.57 -4.87 -5.32 -2.89 -0.424 1599 
dim(Phi) 16 16 
time:  10.3 0.669 11.1 0 0.008   10.7 0.673 11.4 0 0.008   11.1 0.741 11.9 0 0.008   11.1 0.741 11.9 0 0.008 
$p.value
[1] 0.312

$param
$param$p.val.each
[1] 0.191 0.195 0.207 0.228 0.283 0.338 0.402

$param$q.val.each
[1] 29047 28968 28732 28339 27081 25115 21191

$param$rho
[1] 0.00 0.01 0.04 0.09 0.25 0.50 1.00

$param$minp
[1] 0.191

$param$rho_est
[1] 0


$p.value.resampling
NULL

$p.value.cond
[1] 0.312

$condOut
$condOut$p.value
[1] 0.312

$condOut$param
$condOut$param$p.val.each
[1] 0.191 0.195 0.207 0.227 0.283 0.337 0.401

$condOut$param$q.val.each
[1] 29058 28980 28746 28356 27108 25158 21266

$condOut$param$rho
[1] 0.00 0.01 0.04 0.09 0.25 0.50 1.00

$condOut$param$minp
[1] 0.191

$condOut$param$rho_est
[1] 0


$condOut$p.value.resampling
NULL


$IsMeta
[1] TRUE

$markerNumbyMAC
[1] 2 4 1 6 0 1 2 0

$m
[1] 16

saigeskatTest$p.value:  0.312 
   user  system elapsed 
 11.624   0.765  12.446 
[1] 9
std::size_t sample_size = marker_file.samples().size();10000
cntMarker:  9 
m = 9 
m 9 
dim(G1) 1000 9 
dim(Score) 9 
   user  system elapsed 
  0.006   0.000   0.006 
[1] "at-xt"
   user  system elapsed 
  0.199   0.096   0.294 
[1] "bt-at"
G2_tilde_Ps_G2_tilde:  5.3 
G1_tilde_Ps_G2_tilde:  -0.197 -0.175 -0.286 -0.106 -0.0991 6.21 -0.107 -1.4 -0.29 
G1_tilde_P_G2_tilde_G2_tilde_P_G2_tilde_inv:  -0.0372 -0.0329 -0.054 -0.02 -0.0187 1.17 -0.0201 -0.262 -0.0546 
Score_cond: ,  -44.5 -46 52.6 -35 -9.44 31 38.9 16.2 -41.2 
Phi_cond,  2244 -4.33 33.3 -3.03 -3.76 -16.7 -0.89 -17.7 -8.74 -4.33 2599 -22.7 -4.85 -4.93 -21.5 -1.21 -12.3 -11.3 33.3 -22.7 5859 -2.09 -4.43 -24.7 -4.61 -33 -17.7 -3.03 -4.86 -2.09 1541 -0.652 -7.05 -2.23 -16.8 -2.91 -3.76 -4.93 -4.43 -0.652 1697 -10.4 -1.82 -20.9 -4.4 -16.7 -21.5 -24.7 -7.05 -10.4 7968 -10.1 -84.4 -20.5 -0.889 -1.21 -4.61 -2.23 -1.82 -10.1 1158 -31.9 -0.883 -17.7 -12.3 -33 -16.8 -21 -84.4 -31.9 9540 -29.7 -8.74 -11.3 -17.7 -2.91 -4.4 -20.5 -0.884 -29.7 4086 
dim(Phi) 9 9 
time:  11.6 0.757 12.5 0 0.008   11.8 0.853 12.8 0 0.008   12.1 0.857 13 0 0.008   12.1 0.857 13 0 0.008 
$p.value
[1] 1

$param
$param$p.val.each
[1] 0.933 0.934 0.939 0.944 0.956 0.965 0.845

$param$q.val.each
[1] 6322 6266 6097 5815 4914 3506  696

$param$rho
[1] 0.00 0.01 0.04 0.09 0.25 0.50 1.00

$param$minp
[1] 0.845

$param$rho_est
[1] 1


$p.value.resampling
NULL

$p.value.cond
[1] 1

$condOut
$condOut$p.value
[1] 1

$condOut$param
$condOut$param$p.val.each
[1] 0.933 0.935 0.939 0.945 0.956 0.965 0.844

$condOut$param$q.val.each
[1] 6308 6252 6084 5804 4906 3504  706

$condOut$param$rho
[1] 0.00 0.01 0.04 0.09 0.25 0.50 1.00

$condOut$param$minp
[1] 0.844

$condOut$param$rho_est
[1] 1


$condOut$p.value.resampling
NULL


$IsMeta
[1] TRUE

$markerNumbyMAC
[1] 1 2 2 0 0 2 2 0

$m
[1] 9

saigeskatTest$p.value:  1 
   user  system elapsed 
 12.242   0.865  13.166 
[1] 10
std::size_t sample_size = marker_file.samples().size();10000
cntMarker:  13 
m = 13 
m 13 
dim(G1) 1000 13 
dim(Score) 13 
   user  system elapsed 
  0.007   0.000   0.006 
[1] "at-xt"
   user  system elapsed 
  0.231   0.000   0.231 
[1] "bt-at"
G2_tilde_Ps_G2_tilde:  5.3 
G1_tilde_Ps_G2_tilde:  -0.149 -0.422 -0.537 -0.154 -0.144 1.37 0.0432 -0.947 -4.93 -0.149 -0.0392 -0.671 -0.309 
G1_tilde_P_G2_tilde_G2_tilde_P_G2_tilde_inv:  -0.028 -0.0795 -0.101 -0.029 -0.0272 0.257 0.00814 -0.179 -0.931 -0.028 -0.00738 -0.126 -0.0582 
Score_cond: ,  -58.6 -93.7 155 24.1 -29.5 93.7 -18.7 1.09 -6.71 -58.6 31.7 -116 24.7 
Phi_cond,  1697 -6.28 -10.3 -3.69 -0.589 -2.51 -3.23 -4.06 -2.93 1697 -4.71 -10.3 -2.33 -6.28 4058 -17.6 -6.85 -3.13 -7.02 -2.58 -4.53 -4.84 -6.28 -6.25 -19.4 -6.53 -10.3 -17.6 4842 -6.05 -3.34 -9.14 -3.12 -4.6 -7.43 -10.3 -12 -34.8 -7.71 -3.69 -6.85 -6.05 2102 -1.31 -3.04 -0.807 -0.817 -3 -3.69 -4.36 -13.5 -2.07 -0.589 -3.13 -3.34 -1.31 1139 -2.51 0.255 0.789 -3.12 -0.589 1.66 -5.56 -2.01 -2.51 -7.01 -9.14 -3.03 -2.51 1696 3.89 347 64.1 -2.51 -3.08 -15.1 -7.77 -3.23 -2.58 -3.12 -0.807 0.255 3.89 1113 -5.56 -3.64 -3.23 -0.53 -0.488 6.72 -4.06 -4.53 -4.6 -0.818 0.788 347 -5.56 1127 -34.9 -4.06 -4.81 -7.3 2.58 -2.93 -4.84 -7.43 -3 -3.12 64.1 -3.64 -34.9 2611 -2.93 -0.58 -9.69 -0.658 1697 -6.28 -10.3 -3.69 -0.589 -2.51 -3.23 -4.06 -2.93 1697 -4.71 -10.3 -2.33 -4.71 -6.25 -12 -4.36 1.66 -3.08 -0.529 -4.81 -0.58 -4.71 1570 -9.85 -5.39 -10.3 -19.4 -34.8 -13.5 -5.56 -15.1 -0.489 -7.3 -9.69 -10.3 -9.85 6553 -17 -2.33 -6.53 -7.71 -2.07 -2.01 -7.77 6.72 2.58 -0.655 -2.33 -5.39 -17 2199 
dim(Phi) 13 13 
time:  12.3 0.857 13.2 0 0.008   12.5 0.857 13.4 0 0.008   12.8 0.877 13.7 0 0.008   12.8 0.877 13.7 0 0.008 
$p.value
[1] 0.0669

$param
$param$p.val.each
[1] 0.0364 0.0385 0.0463 0.0644 0.1559 0.3387 0.7807

$param$q.val.each
[1] 32754 32440 31498 29929 24907 17061  1400

$param$rho
[1] 0.00 0.01 0.04 0.09 0.25 0.50 1.00

$param$minp
[1] 0.0364

$param$rho_est
[1] 0


$p.value.resampling
NULL

$p.value.cond
[1] 0.067

$condOut
$condOut$p.value
[1] 0.067

$condOut$param
$condOut$param$p.val.each
[1] 0.0364 0.0386 0.0464 0.0645 0.1561 0.3392 0.7828

$condOut$param$q.val.each
[1] 32739 32425 31483 29913 24889 17040  1372

$condOut$param$rho
[1] 0.00 0.01 0.04 0.09 0.25 0.50 1.00

$condOut$param$minp
[1] 0.0364

$condOut$param$rho_est
[1] 0


$condOut$p.value.resampling
NULL


$IsMeta
[1] TRUE

$markerNumbyMAC
[1] 3 1 5 1 0 2 1 0

$m
[1] 13

saigeskatTest$p.value:  0.0669 
   user  system elapsed 
 13.115   0.889  14.063 
[1] 11
std::size_t sample_size = marker_file.samples().size();10000
cntMarker:  19 
m = 19 
m 19 
dim(G1) 1000 19 
dim(Score) 19 
   user  system elapsed 
  0.007   0.004   0.011 
[1] "at-xt"
   user  system elapsed 
  0.503   0.004   0.507 
[1] "bt-at"
G2_tilde_Ps_G2_tilde:  5.3 
G1_tilde_Ps_G2_tilde:  -0.195 -0.242 -0.118 -0.158 -0.127 -0.0522 -0.179 -0.0404 -0.524 -0.0869 -0.199 -0.218 -29.1 0.019 -0.224 -0.304 -0.121 -0.349 -0.108 
G1_tilde_P_G2_tilde_G2_tilde_P_G2_tilde_inv:  -0.0368 -0.0456 -0.0222 -0.0298 -0.024 -0.00984 -0.0337 -0.00761 -0.0988 -0.0164 -0.0374 -0.041 -5.48 0.0036 -0.0421 -0.0573 -0.0228 -0.0658 -0.0204 
Score_cond: ,  22.1 -41.3 -53.9 34.6 -13.1 -2.59 19.7 -56.1 -6.14 -24.6 -30 -125 6.46 -56.8 8.72 -32.4 12.6 8.85 38.3 
Phi_cond,  1167 -1.5 1.17 0.322 -3.51 -1.02 -0.786 -2.03 -6.96 2.58 -1.13 -5.26 -4.97 -6.69 -0.423 0.56 1.63 -4.86 -0.477 -1.5 1867 1.54 -2.95 -2.78 -0.963 -1.22 -0.393 -6.37 0.186 -1.03 -2.21 -4.9 -3.91 -2.8 -3.14 -0.139 -1.18 -3.99 1.17 1.54 2225 -2.6 0.438 -1.08 -2.23 -3.72 -1.35 -5.44 -4.94 -1.24 -1.38 -4.99 -2.08 -3.57 -6.36 -7.11 -4.28 0.321 -2.96 -2.6 1139 -0.369 -2.2 0.528 -1.58 -10.5 -0.858 0.779 -1.38 -2.62 -2.16 -1.51 -3.36 -0.931 2.93 -4.06 -3.51 -2.78 0.438 -0.366 1133 -0.736 -0.968 -0.408 -6.84 1.41 -0.627 -3.25 -4.42 -1.46 -1.37 -1.41 1.01 -2.24 -0.429 -1.02 -0.963 -1.08 -2.2 -0.735 1140 -2.05 -0.237 -0.891 -1.77 -2.79 -1.34 -2.65 -0.172 -1.95 -2.62 -1.94 -5.67 -0.571 -0.785 -1.22 -2.23 0.525 -0.969 -2.05 1131 -2.78 -8.47 -0.535 -0.182 -2.49 -2.41 -5.78 -0.703 -1.68 -1.03 -0.101 -3.7 -2.03 -0.393 -3.72 -1.58 -0.407 -0.237 -2.78 1561 -54 -2.94 -4.34 -2.62 -3.25 -0.313 -2.03 -3.06 -3.62 -8.3 -0.264 -6.96 -6.38 -1.35 -10.5 -6.84 -0.895 -8.46 -54.1 5276 -4.81 -11.2 -8.62 -15.4 -8.11 -9.41 -11 -6.64 -20.6 -7.11 2.58 0.183 -5.44 -0.859 1.41 -1.77 -0.535 -2.93 -4.81 1934 141 0.0318 -0.306 -2.43 -1.55 -3.78 -4.97 -0.831 -4.58 -1.13 -1.03 -4.94 0.783 -0.632 -2.8 -0.176 -4.34 -11.2 141 1589 -3.52 -3.14 -6.56 -1.12 -2.8 -2.94 -2.03 -4.46 -5.26 -2.21 -1.24 -1.38 -3.25 -1.34 -2.49 -2.62 -8.62 0.0294 -3.52 1687 -6.54 -5.12 -2.27 -2.27 -1.26 -7.48 -1.69 -4.97 -4.9 -1.38 -2.62 -4.42 -2.65 -2.41 -3.25 -15.4 -0.305 -3.14 -6.54 2245 -8.02 -4.04 -5.1 -1.56 -5.77 -5.61 -6.69 -3.91 -4.99 -2.16 -1.45 -0.171 -5.78 -0.312 -8.11 -2.43 -6.56 -5.12 -8.02 2961 -4.29 -5.48 -3.78 -11.2 3.25 -0.424 -2.8 -2.08 -1.51 -1.37 -1.95 -0.703 -2.03 -9.41 -1.55 -1.12 -2.26 -4.04 -4.29 1563 -4.03 -1.95 -0.737 -4.9 0.56 -3.14 -3.57 -3.36 -1.41 -2.62 -1.68 -3.06 -10.9 -3.78 -2.8 -2.27 -5.1 -5.48 -4.03 2527 314 -1.67 -7.68 1.63 -0.14 -6.36 -0.932 1.01 -1.94 -1.03 -3.62 -6.64 -4.97 -2.94 -1.25 -1.56 -3.78 -1.95 314 1578 -3.54 -4.74 -4.86 -1.18 -7.11 2.93 -2.24 -5.67 -0.1 -8.3 -20.6 -0.827 -2.03 -7.48 -5.77 -11.2 -0.736 -1.67 -3.54 3011 -6.4 -0.477 -3.99 -4.28 -4.06 -0.429 -0.571 -3.7 -0.264 -7.11 -4.58 -4.46 -1.69 -5.61 3.25 -4.9 -7.68 -4.74 -6.4 2923 
dim(Phi) 19 19 
time:  13.1 0.889 14.1 0 0.008   13.6 0.893 14.6 0 0.008   14 0.921 15 0 0.008   14 0.921 15 0 0.008 
$p.value
[1] 0.239

$param
$param$p.val.each
[1] 0.611 0.595 0.543 0.457 0.251 0.160 0.136

$param$q.val.each
[1] 16651 16915 17705 19023 23240 29829 42980

$param$rho
[1] 0.00 0.01 0.04 0.09 0.25 0.50 1.00

$param$minp
[1] 0.136

$param$rho_est
[1] 1


$p.value.resampling
NULL

$p.value.cond
[1] 0.243

$condOut
$condOut$p.value
[1] 0.243

$condOut$param
$condOut$param$p.val.each
[1] 0.607 0.590 0.540 0.456 0.253 0.162 0.138

$condOut$param$q.val.each
[1] 16659 16916 17685 18968 23071 29482 42280

$condOut$param$rho
[1] 0.00 0.01 0.04 0.09 0.25 0.50 1.00

$condOut$param$minp
[1] 0.138

$condOut$param$rho_est
[1] 1


$condOut$p.value.resampling
NULL


$IsMeta
[1] TRUE

$markerNumbyMAC
[1] 5 6 4 1 1 2 0 0

$m
[1] 19

saigeskatTest$p.value:  0.239 
   user  system elapsed 
 14.509   0.945  15.513 
[1] 12
std::size_t sample_size = marker_file.samples().size();10000
cntMarker:  10 
m = 10 
m 10 
dim(G1) 1000 10 
dim(Score) 10 
   user  system elapsed 
  0.009   0.000   0.009 
[1] "at-xt"
   user  system elapsed 
  0.267   0.012   0.279 
[1] "bt-at"
G2_tilde_Ps_G2_tilde:  5.3 
G1_tilde_Ps_G2_tilde:  -0.279 -0.511 -0.359 -0.407 -0.32 -0.584 -0.138 -0.28 5.88 5.88 
G1_tilde_P_G2_tilde_G2_tilde_P_G2_tilde_inv:  -0.0526 -0.0963 -0.0677 -0.0767 -0.0603 -0.11 -0.0261 -0.0528 1.11 1.11 
Score_cond: ,  52.7 9.58 -132 -15.1 20.9 23.5 -17.7 -70 -79.2 -79.2 
Phi_cond,  2800 -8.33 -11.3 2.68 -10 -7.59 -1.32 -6.8 -0.777 -0.777 -8.33 2973 -6.24 2.3 0.576 -11.1 1.5 3.51 -11.1 -11.1 -11.3 -6.25 4032 -0.0714 -9.87 -17.4 -3.77 -11.8 -2.9 -2.9 2.68 2.31 -0.0723 2420 -0.793 -23.6 -2.06 -10.1 -1.23 -1.23 -10 0.584 -9.87 -0.792 2330 773 0.404 -697 0.626 0.626 -7.59 -11.1 -17.4 -23.6 773 4846 -5.96 64.6 -18.7 -18.7 -1.32 1.5 -3.77 -2.06 0.402 -5.96 1171 -2.49 1.24 1.24 -6.8 3.52 -11.8 -10.1 -697 64.6 -2.49 2817 0.912 0.912 -0.778 -11.1 -2.9 -1.23 0.622 -18.7 1.24 0.906 2611 2611 -0.778 -11.1 -2.9 -1.23 0.622 -18.7 1.24 0.906 2611 2611 
dim(Phi) 10 10 
time:  14.5 0.937 15.5 0 0.008   14.8 0.949 15.8 0 0.008   15.1 0.949 16.1 0 0.008   15.1 0.949 16.1 0 0.008 
$p.value
[1] 0.194

$param
$param$p.val.each
[1] 0.204 0.198 0.183 0.162 0.124 0.114 0.120

$param$q.val.each
[1] 19558 19771 20410 21474 24880 30201 40822

$param$rho
[1] 0.00 0.01 0.04 0.09 0.25 0.50 1.00

$param$minp
[1] 0.114

$param$rho_est
[1] 0.5


$p.value.resampling
NULL

$p.value.cond
[1] 0.192

$condOut
$condOut$p.value
[1] 0.192

$condOut$param
$condOut$param$p.val.each
[1] 0.201 0.196 0.181 0.160 0.122 0.113 0.119

$condOut$param$q.val.each
[1] 19624 19839 20481 21551 24976 30328 41011

$condOut$param$rho
[1] 0.00 0.01 0.04 0.09 0.25 0.50 1.00

$condOut$param$minp
[1] 0.113

$condOut$param$rho_est
[1] 0.5


$condOut$p.value.resampling
NULL


$IsMeta
[1] TRUE

$markerNumbyMAC
[1] 1 0 2 4 0 3 0 0

$m
[1] 10

saigeskatTest$p.value:  0.194 
   user  system elapsed 
 15.488   0.957  16.504 
[1] 13
std::size_t sample_size = marker_file.samples().size();10000
cntMarker:  19 
m = 19 
m 19 
dim(G1) 1000 19 
dim(Score) 19 
   user  system elapsed 
  0.007   0.000   0.008 
[1] "at-xt"
   user  system elapsed 
  0.395   0.012   0.407 
[1] "bt-at"
G2_tilde_Ps_G2_tilde:  5.3 
G1_tilde_Ps_G2_tilde:  -0.0704 55 -0.327 -0.267 -0.0529 -0.141 -0.218 -0.273 -0.212 -0.0942 -0.462 -0.266 -0.0447 -0.221 -0.342 -0.238 -0.152 -0.276 -0.226 
G1_tilde_P_G2_tilde_G2_tilde_P_G2_tilde_inv:  -0.0133 10.3 -0.0617 -0.0504 -0.00997 -0.0266 -0.041 -0.0515 -0.04 -0.0178 -0.0871 -0.0503 -0.00843 -0.0417 -0.0645 -0.0447 -0.0286 -0.052 -0.0425 
Score_cond: ,  -69.2 46.7 27.9 -21.9 13.8 67.9 -9.4 44.1 39.6 -39.1 -53.8 -58.4 0.0387 -32.4 20 63.1 16.9 -41.6 18.1 
Phi_cond,  2503 -29.7 898 1.1 -5.77 -3.74 -1.49 -11.3 2.78 -3.18 -1.37 4.26 -5.53 -2.57 -13.2 0.861 -5.5 -3.78 -3.81 -29.7 9284 -34 184 -17.4 -19.4 -9.65 -139 193 -6.25 -16.2 -9.08 -6.24 -13.6 -31.2 -9.44 -13.8 -12.1 -10.8 898 -34 3680 -4.41 -10.1 -8.47 -2.46 -11.9 -0.709 -9.59 -1.9 -1.39 -5.49 -3.24 -13.4 -2.68 -6.97 -4.37 -5.11 1.1 184 -4.41 2318 -2.15 -2.89 -5.04 -4.12 -3.3 -9.32 -4.8 -5.81 -1.54 -4.26 -6.49 -7.37 -4.67 -5.09 -2.72 -5.77 -17.4 -10.1 -2.15 1684 -1.28 -3.02 -9.09 0.294 -4.25 -6.18 -1.27 -3.25 -2.62 -7.92 -2.35 156 -5.3 -4.99 -3.74 -19.4 -8.47 -2.89 -1.28 2340 -4.06 -6.31 -2.14 -2.49 -7.4 -2.59 -2.12 -4.15 -8.29 -3.77 -3.66 -5.35 -4.04 -1.49 -9.66 -2.46 -5.04 -3.02 -4.06 1572 -1.61 -3.95 -2.2 -3.64 -4.7 0.0977 210 -2.63 -2.99 -1.55 -1.81 -2 -11.3 -139 -11.9 -4.12 -9.08 -6.3 -1.61 2892 1.47 -16.7 1.43 -2.6 -5.81 -0.453 -7.84 -3.76 -5.99 -3.37 -4.7 2.78 193 -0.708 -3.3 0.295 -2.15 -3.95 1.47 1876 2.61 -6.66 -4.56 1.65 -4.86 -4.32 -4.56 -1.66 -2.99 -0.584 -3.18 -6.24 -9.58 -9.32 -4.26 -2.49 -2.2 -16.7 2.61 3360 -6.37 -8.18 -6.26 1.97 -2.25 -5.22 -3.83 -7.15 -10.9 -1.37 -16.2 -1.9 -4.8 -6.18 -7.41 -3.64 1.43 -6.66 -6.37 1714 -6.44 0.635 -4.61 -5.71 -6.83 -4.36 -1.46 0.803 4.26 -9.08 -1.39 -5.81 -1.27 -2.59 -4.69 -2.6 -4.56 -8.18 -6.43 2393 -0.467 -3.61 -3.46 -7.44 -3.11 -4.75 -3.19 -5.54 -6.24 -5.49 -1.53 -3.25 -2.12 0.0981 -5.81 1.65 -6.26 0.637 -0.467 1163 0.681 -2.62 -0.312 -1.97 -1.28 -2.54 -2.57 -13.6 -3.24 -4.26 -2.62 -4.15 210 -0.452 -4.86 1.97 -4.6 -3.61 0.681 1548 -4.2 -2.37 -1.49 -1.74 -1.28 -13.2 -31.2 -13.4 -6.49 -7.92 -8.3 -2.63 -7.84 -4.32 -2.25 -5.71 -3.46 -2.62 -4.2 3900 -2.48 -4.7 -3.88 -4.59 0.86 -9.44 -2.68 -7.37 -2.35 -3.77 -2.99 -3.76 -4.56 -5.22 -6.83 -7.44 -0.314 -2.37 -2.48 1691 -1.89 -3.8 -4.18 -5.5 -13.8 -6.97 -4.67 156 -3.66 -1.55 -5.99 -1.66 -3.83 -4.37 -3.11 -1.97 -1.49 -4.7 -1.89 1705 -3.01 -4.04 -3.78 -12.1 -4.37 -5.09 -5.3 -5.35 -1.81 -3.37 -2.99 -7.15 -1.46 -4.75 -1.28 -1.74 -3.88 -3.8 -3.01 1672 -2.26 -3.81 -10.7 -5.11 -2.72 -4.99 -4.04 -2 -4.7 -0.584 -10.9 0.804 -3.19 -2.54 -1.28 -4.59 -4.18 -4.04 -2.26 2245 
dim(Phi) 19 19 
time:  15.5 0.949 16.5 0 0.008   15.9 0.961 16.9 0 0.008   16.4 1.02 17.5 0 0.008   16.4 1.02 17.5 0 0.008 
$p.value
[1] 1

$param
$param$p.val.each
[1] 0.824 0.830 0.846 0.866 0.903 0.931 0.873

$param$q.val.each
[1] 16314 16157 15687 14905 12400  8487   676

$param$rho
[1] 0.00 0.01 0.04 0.09 0.25 0.50 1.00

$param$minp
[1] 0.824

$param$rho_est
[1] 0


$p.value.resampling
NULL

$p.value.cond
[1] 1

$condOut
$condOut$p.value
[1] 1

$condOut$param
$condOut$param$p.val.each
[1] 0.828 0.834 0.850 0.870 0.907 0.935 0.886

$condOut$param$q.val.each
[1] 16115 15959 15491 14712 12218  8322   546

$condOut$param$rho
[1] 0.00 0.01 0.04 0.09 0.25 0.50 1.00

$condOut$param$minp
[1] 0.828

$condOut$param$rho_est
[1] 0


$condOut$p.value.resampling
NULL


$IsMeta
[1] TRUE

$markerNumbyMAC
[1] 1 3 6 4 2 2 1 0

$m
[1] 19

saigeskatTest$p.value:  1 
   user  system elapsed 
  16.75    1.05   17.86 
[1] 14
std::size_t sample_size = marker_file.samples().size();10000
cntMarker:  10 
m = 10 
m 10 
dim(G1) 1000 10 
dim(Score) 10 
   user  system elapsed 
  0.006   0.000   0.006 
[1] "at-xt"
   user  system elapsed 
  0.199   0.000   0.200 
[1] "bt-at"
G2_tilde_Ps_G2_tilde:  5.3 
G1_tilde_Ps_G2_tilde:  -0.369 -0.0619 -5.21 -0.309 -0.178 -0.114 -0.165 -0.103 -0.0782 -0.0872 
G1_tilde_P_G2_tilde_G2_tilde_P_G2_tilde_inv:  -0.0696 -0.0117 -0.983 -0.0583 -0.0336 -0.0214 -0.0311 -0.0194 -0.0147 -0.0164 
Score_cond: ,  -2.75 -33.4 13.6 21.1 3.77 -18.8 9.16 22.3 34.2 25.4 
Phi_cond,  1639 -0.695 -3.07 -3.78 -5.51 -2.36 -5.06 -2.27 -2.11 0.129 -0.692 1156 0.168 -0.885 -0.0569 0.0552 -0.83 -0.408 -2.08 -1.49 -3.07 0.168 2548 -7.25 -1.63 -3.36 -5.32 -2.15 -0.423 -1.79 -3.78 -0.886 -7.25 3270 -3.41 -2.86 -5.25 -1.94 -2.1 -2.27 -5.51 -0.0569 -1.63 -3.41 1092 -1.53 -3.16 -1.71 -0.268 0.465 -2.37 0.055 -3.36 -2.86 -1.53 1115 -2.19 -0.798 -0.482 -0.623 -5.06 -0.828 -5.32 -5.25 -3.16 -2.19 2319 -1.59 -1.56 -1.99 -2.27 -0.415 -2.15 -1.93 -1.7 -0.79 -1.59 1134 -0.806 -0.458 -2.11 -2.08 -0.423 -2.1 -0.268 -0.481 -1.56 -0.796 1134 -1.14 0.132 -1.5 -1.79 -2.27 0.466 -0.623 -1.99 -0.455 -1.15 1145 
dim(Phi) 10 10 
time:  16.8 1.05 17.9 0 0.008   17 1.05 18.1 0 0.008   17.2 1.05 18.3 0 0.008   17.2 1.05 18.3 0 0.008 
$p.value
[1] 0.773

$param
$param$p.val.each
[1] 0.984 0.983 0.983 0.981 0.969 0.916 0.563

$param$q.val.each
[1] 2250 2255 2269 2294 2373 2496 2742

$param$rho
[1] 0.00 0.01 0.04 0.09 0.25 0.50 1.00

$param$minp
[1] 0.563

$param$rho_est
[1] 1


$p.value.resampling
NULL

$p.value.cond
[1] 0.77

$condOut
$condOut$p.value
[1] 0.77

$condOut$param
$condOut$param$p.val.each
[1] 0.983 0.983 0.982 0.981 0.969 0.914 0.561

$condOut$param$q.val.each
[1] 2256 2261 2277 2303 2386 2517 2778

$condOut$param$rho
[1] 0.00 0.01 0.04 0.09 0.25 0.50 1.00

$condOut$param$minp
[1] 0.561

$condOut$param$rho_est
[1] 1


$condOut$p.value.resampling
NULL


$IsMeta
[1] TRUE

$markerNumbyMAC
[1] 6 0 1 3 0 0 0 0

$m
[1] 10

saigeskatTest$p.value:  0.773 
   user  system elapsed 
  17.61    1.06   18.73 
[1] 15
std::size_t sample_size = marker_file.samples().size();10000
cntMarker:  15 
m = 15 
m 15 
dim(G1) 1000 15 
dim(Score) 15 
   user  system elapsed 
  0.007   0.000   0.007 
[1] "at-xt"
   user  system elapsed 
  0.334   0.000   0.333 
[1] "bt-at"
G2_tilde_Ps_G2_tilde:  5.3 
G1_tilde_Ps_G2_tilde:  -0.418 -0.139 -0.0384 -0.624 0.0079 -0.273 -0.356 -0.201 -0.513 -0.228 -0.437 -0.859 -0.671 -6.02 -0.114 
G1_tilde_P_G2_tilde_G2_tilde_P_G2_tilde_inv:  -0.0788 -0.0263 -0.00723 -0.118 0.00149 -0.0514 -0.0671 -0.0379 -0.0967 -0.043 -0.0823 -0.161 -0.127 -1.13 -0.0215 
Score_cond: ,  81.1 10.6 -47.2 78 97.2 -31.8 46.7 -0.356 -4.35 -44.9 21.2 241 -63.2 -30.8 -15 
Phi_cond,  3666 -2.01 -6.02 -14.6 -9.66 -8.06 -6.72 -2.56 -11.4 -3.29 -4.26 -22.2 -22.1 -4.6 -5.36 -2.01 1127 -0.537 -10.5 0.478 -0.27 -4.86 -2.29 -4.46 -4.29 -3.37 30.6 -4.92 -4.33 -2.33 -6.02 -0.539 1857 -8.39 -3.18 -4.87 -0.295 -1.73 -2.76 -1.42 -2.32 -9.31 -41.8 -3.78 -2.79 -14.6 -10.5 -8.39 4392 -0.853 3.07 -13.4 -12.7 9.41 -16.1 -17.8 -49.1 -24.9 -19.1 -12.9 -9.66 0.476 -3.18 -0.851 1854 -10.8 2.18 1.06 -1.49 3.95 0.749 -1.23 -5.03 1.62 -0.847 -8.06 -0.271 -4.86 3.07 -10.8 2239 -0.64 2.22 -3.41 3.41 3.73 -1.86 -15.7 3.47 -1.47 -6.72 -4.85 -0.297 -13.4 2.18 -0.64 3020 -5.38 -13.8 -7.93 -11.5 -20.5 -19.8 -6.3 -2.29 -2.56 -2.29 -1.73 -12.6 1.06 2.22 -5.38 1547 -6.26 -6.31 -5.38 -16.7 -6.38 -6.82 -3.99 -11.4 -4.46 -2.76 9.41 -1.49 -3.41 -13.8 -6.26 4395 -9.32 -11.8 -31.4 -26.7 -8.24 -5.28 -3.29 -4.29 -1.42 -16.1 3.94 3.41 -7.94 -6.31 -9.32 2239 -9.39 -22.3 -8.19 -9.04 -4.95 -4.26 -3.37 -2.32 -17.8 0.75 3.73 -11.5 -5.38 -11.8 -9.39 2616 -26.2 -17.3 -8.26 -5.44 -22.2 30.6 -9.31 -49.1 -1.23 -1.86 -20.5 -16.7 -31.4 -22.3 -26.2 8372 -37.8 -25.6 -15.7 -22.1 -4.92 -41.8 -24.9 -5.03 -15.7 -19.8 -6.38 -26.7 -8.19 -17.3 -37.8 5779 -5.47 -3.5 -4.6 -4.33 -3.79 -19.1 1.62 3.47 -6.3 -6.82 -8.24 -9.04 -8.26 -25.6 -5.47 2217 -7.29 -5.36 -2.33 -2.8 -12.9 -0.847 -1.47 -2.29 -3.98 -5.28 -4.95 -5.44 -15.7 -3.5 -7.29 2213 
dim(Phi) 15 15 
time:  17.6 1.05 18.7 0 0.008   18 1.05 19.1 0 0.008   18.3 1.05 19.4 0 0.008   18.3 1.05 19.4 0 0.008 
$p.value
[1] 0.0517

$param
$param$p.val.each
[1] 0.0288 0.0283 0.0277 0.0287 0.0428 0.0724 0.1147

$param$q.val.each
[1] 46775 46878 47187 47701 49347 51920 57054

$param$rho
[1] 0.00 0.01 0.04 0.09 0.25 0.50 1.00

$param$minp
[1] 0.0277

$param$rho_est
[1] 0.04


$p.value.resampling
NULL

$p.value.cond
[1] 0.0516

$condOut
$condOut$p.value
[1] 0.0516

$condOut$param
$condOut$param$p.val.each
[1] 0.0287 0.0283 0.0276 0.0285 0.0425 0.0718 0.1138

$condOut$param$q.val.each
[1] 46780 46885 47202 47730 49419 52059 57327

$condOut$param$rho
[1] 0.00 0.01 0.04 0.09 0.25 0.50 1.00

$condOut$param$minp
[1] 0.0276

$condOut$param$rho_est
[1] 0.04


$condOut$p.value.resampling
NULL


$IsMeta
[1] TRUE

$markerNumbyMAC
[1] 1 5 3 0 0 5 1 0

$m
[1] 15

saigeskatTest$p.value:  0.0517 
   user  system elapsed 
  18.82    1.11   19.99 
[1] 16
std::size_t sample_size = marker_file.samples().size();10000
cntMarker:  14 
m = 14 
m 14 
dim(G1) 1000 14 
dim(Score) 14 
   user  system elapsed 
  0.003   0.004   0.008 
[1] "at-xt"
   user  system elapsed 
  0.278   0.004   0.282 
[1] "bt-at"
G2_tilde_Ps_G2_tilde:  5.3 
G1_tilde_Ps_G2_tilde:  -0.284 -0.345 -0.0146 -0.235 -0.249 -0.0199 -0.241 -0.266 -0.201 -0.53 -0.944 -0.145 -0.0023 -0.362 
G1_tilde_P_G2_tilde_G2_tilde_P_G2_tilde_inv:  -0.0534 -0.0651 -0.00275 -0.0443 -0.047 -0.00376 -0.0455 -0.0501 -0.0379 -0.0999 -0.178 -0.0273 -0.000434 -0.0682 
Score_cond: ,  -39.8 -19.8 -15.2 85 43.5 4.95 14.8 -33.1 -0.356 84.9 -3.98 19.3 2.02 49.2 
Phi_cond,  2562 -2.51 -4.07 -3.92 -3.47 2.42 -5.58 -11.1 -5.73 -10.2 0.184 -4 1.03 -12.5 -2.51 2700 -7.76 -5.18 -1.68 -4.92 -3.81 1.02 0.58 -1.49 -2.92 -1.9 -4.42 -15.9 -4.07 -7.76 3035 -0.487 -6.54 -0.59 -2.18 -1.43 -4.69 -13.4 -2.58 -3.09 -3.65 -11.8 -3.92 -5.18 -0.484 1540 -3.45 -2.04 -5.03 -2.92 -1.45 -5.68 1.3 -1.78 0.815 -37.5 -3.47 -1.68 -6.55 -3.45 1570 -3.05 -2.58 -137 -1.33 -2.45 -1.56 -1.03 -1.82 -9.61 2.42 -4.92 -0.589 -2.05 -3.05 1144 -0.29 6.79 1.98 -5.02 -2.11 0.341 -4.22 -4.13 -5.58 -3.81 -2.18 -5.03 -2.58 -0.29 1537 -5.8 -3.07 -4.94 1.09 -2.06 1.52 -4.18 -11.1 1.02 -1.44 -2.91 -137 6.79 -5.8 2300 -7.88 -4.51 2.87 -4.36 5.75 -5.81 -5.73 0.579 -4.69 -1.45 -1.33 1.98 -3.07 -7.88 1547 -5.21 -0.581 -2.62 0.275 -10.9 -10.2 -1.48 -13.4 -5.67 -2.45 -5.02 -4.94 -4.51 -5.21 3301 -3.36 -2.57 -2.71 -20.5 0.184 -2.92 -2.58 1.3 -1.56 -2.11 1.09 2.87 -0.579 -3.36 1143 0.126 -3.17 -6.39 -4 -1.9 -3.09 -1.78 -1.03 0.34 -2.06 -4.36 -2.63 -2.57 0.125 1125 0.836 -4.28 1.03 -4.42 -3.65 0.819 -1.82 -4.22 1.52 5.74 0.277 -2.71 -3.17 0.836 1120 -6.34 -12.5 -15.9 -11.8 -37.5 -9.61 -4.13 -4.18 -5.81 -10.9 -20.5 -6.39 -4.28 -6.34 6135 
dim(Phi) 14 14 
time:  18.8 1.11 20 0 0.008   19.1 1.11 20.3 0 0.008   19.4 1.11 20.6 0 0.008   19.4 1.11 20.6 0 0.008 
$p.value
[1] 0.437

$param
$param$p.val.each
[1] 0.697 0.692 0.675 0.643 0.518 0.352 0.268

$param$q.val.each
[1] 11341 11410 11619 11966 13078 14815 18283

$param$rho
[1] 0.00 0.01 0.04 0.09 0.25 0.50 1.00

$param$minp
[1] 0.268

$param$rho_est
[1] 1


$p.value.resampling
NULL

$p.value.cond
[1] 0.436

$condOut
$condOut$p.value
[1] 0.436

$condOut$param
$condOut$param$p.val.each
[1] 0.697 0.692 0.675 0.642 0.517 0.351 0.267

$condOut$param$q.val.each
[1] 11346 11416 11626 11976 13096 14845 18337

$condOut$param$rho
[1] 0.00 0.01 0.04 0.09 0.25 0.50 1.00

$condOut$param$minp
[1] 0.267

$condOut$param$rho_est
[1] 1


$condOut$p.value.resampling
NULL


$IsMeta
[1] TRUE

$markerNumbyMAC
[1] 4 4 2 1 0 3 0 0

$m
[1] 14

saigeskatTest$p.value:  0.437 
   user  system elapsed 
  19.93    1.19   21.18 
[1] 17
std::size_t sample_size = marker_file.samples().size();10000
cntMarker:  14 
m = 14 
m 14 
dim(G1) 1000 14 
dim(Score) 14 
   user  system elapsed 
  0.004   0.004   0.008 
[1] "at-xt"
   user  system elapsed 
  0.308   0.000   0.308 
[1] "bt-at"
G2_tilde_Ps_G2_tilde:  5.3 
G1_tilde_Ps_G2_tilde:  -0.322 -0.178 -0.303 -0.909 -0.231 -0.909 -0.159 -0.329 -1.03 -0.0477 -0.0889 -0.909 -0.147 0.0779 
G1_tilde_P_G2_tilde_G2_tilde_P_G2_tilde_inv:  -0.0607 -0.0336 -0.0571 -0.171 -0.0435 -0.171 -0.0299 -0.062 -0.194 -0.00898 -0.0168 -0.171 -0.0276 0.0147 
Score_cond: ,  -6.8 24.2 -55.5 -34.6 -21.6 -34.6 -18.8 -19.4 28.8 -59.1 -27.2 -34.6 -53.5 7.57 
Phi_cond,  2613 -1.82 -5.96 -19.6 -6.7 -19.6 -4.9 -12.5 -14.8 -2.75 -1.21 -19.6 -2.56 -1.63 -1.82 2204 -8.22 -9.91 -3.72 -9.91 -1.29 -4.76 -8.94 -3.82 -1.35 -9.91 -1.51 -4.24 -5.96 -8.22 4501 -38.5 -7.75 -38.5 1.89 -0.324 -31 -10.1 -0.52 -38.5 -6.73 -9.74 -19.6 -9.91 -38.5 9745 -20.3 9745 -9.48 -26.3 -367 -13.3 -5 9745 -10.9 -8.73 -6.7 -3.72 -7.75 -20.3 2313 -20.3 -1.97 -2.16 -13.3 -2.96 -0.467 -20.3 -186 -3.88 -19.6 -9.91 -38.5 9745 -20.3 9745 -9.48 -26.3 -367 -13.3 -5 9745 -10.9 -8.73 -4.9 -1.29 1.89 -9.48 -1.97 -9.48 1166 -5.64 -9.02 0.558 -1.45 -9.48 -1.08 0.733 -12.5 -4.76 -0.323 -26.3 -2.15 -26.3 -5.64 1708 -16.7 -0.00575 -0.993 -26.3 -3.84 -1.3 -14.8 -8.94 -31 -367 -13.3 -367 -9.02 -16.7 8980 -17.9 -10.1 -367 -8.28 -27.3 -2.75 -3.82 -10.1 -13.3 -2.96 -13.3 0.557 -0.00696 -17.9 2255 -0.883 -13.3 -2.73 1.07 -1.21 -1.35 -0.519 -5 -0.468 -5 -1.44 -0.993 -10.1 -0.882 1120 -5 -0.47 -2.17 -19.6 -9.91 -38.5 9745 -20.3 9745 -9.48 -26.3 -367 -13.3 -5 9745 -10.9 -8.73 -2.56 -1.51 -6.73 -10.9 -186 -10.9 -1.08 -3.84 -8.28 -2.73 -0.471 -10.9 1583 -2.57 -1.63 -4.24 -9.74 -8.73 -3.88 -8.73 0.733 -1.3 -27.3 1.07 -2.17 -8.73 -2.57 2631 
dim(Phi) 14 14 
time:  19.9 1.19 21.2 0 0.008   20.3 1.19 21.5 0 0.008   20.6 1.24 22 0 0.008   20.6 1.24 22 0 0.008 
$p.value
[1] 0.526

$param
$param$p.val.each
[1] 0.957 0.950 0.926 0.875 0.678 0.477 0.367

$param$q.val.each
[1]  8241  8626  9779 11700 17849 27457 46633

$param$rho
[1] 0.00 0.01 0.04 0.09 0.25 0.50 1.00

$param$minp
[1] 0.367

$param$rho_est
[1] 1


$p.value.resampling
NULL

$p.value.cond
[1] 0.527

$condOut
$condOut$p.value
[1] 0.527

$condOut$param
$condOut$param$p.val.each
[1] 0.957 0.950 0.926 0.876 0.679 0.478 0.368

$condOut$param$q.val.each
[1]  8233  8616  9766 11682 17812 27391 46509

$condOut$param$rho
[1] 0.00 0.01 0.04 0.09 0.25 0.50 1.00

$condOut$param$minp
[1] 0.368

$condOut$param$rho_est
[1] 1


$condOut$p.value.resampling
NULL


$IsMeta
[1] TRUE

$markerNumbyMAC
[1] 2 1 5 1 0 1 4 0

$m
[1] 14

saigeskatTest$p.value:  0.526 
   user  system elapsed 
  21.25    1.26   22.57 
[1] 18
std::size_t sample_size = marker_file.samples().size();10000
cntMarker:  16 
m = 16 
m 16 
dim(G1) 1000 16 
dim(Score) 16 
   user  system elapsed 
  0.007   0.000   0.006 
[1] "at-xt"
   user  system elapsed 
  0.372   0.068   0.441 
[1] "bt-at"
G2_tilde_Ps_G2_tilde:  5.3 
G1_tilde_Ps_G2_tilde:  -0.378 -0.729 0.0499 -0.182 -0.525 -0.151 -0.0995 -0.29 -0.278 -0.283 -0.481 -0.147 -0.255 -0.396 -0.212 -0.261 
G1_tilde_P_G2_tilde_G2_tilde_P_G2_tilde_inv:  -0.0713 -0.137 0.0094 -0.0343 -0.099 -0.0285 -0.0187 -0.0547 -0.0523 -0.0535 -0.0906 -0.0276 -0.048 -0.0749 -0.04 -0.0491 
Score_cond: ,  69.8 80.1 40.2 -13.3 43.9 42.2 -1.19 -1.09 7.52 -42.1 16.2 -21 -15.6 -51.9 39.6 -20.8 
Phi_cond,  2590 -6.37 -3.73 -4.41 -10.5 -2.47 -3.56 19.4 -4.64 -6.39 -2.86 -2.94 -3.82 -5.92 -3 -4.21 -6.37 4869 -1.98 -5.84 -23.6 -5.87 -0.893 -9.79 -14.1 -11.1 702 -4 -8.22 -643 -9.52 -11.8 -3.73 -1.98 1999 -6.67 1.09 4.46 -4.12 1.01 1.64 -4.44 1.6 -4.23 4.55 -8.96 1.6 1.35 -4.41 -5.84 -6.67 1705 -3.63 0.605 -4.08 -1.85 -2.68 -5.46 -0.503 -2.49 1.81 -8.44 -1.02 -1.36 -10.5 -23.6 1.09 -3.63 4517 -9.05 -2.04 -10.8 -13.1 -7.88 -15.2 -0.794 -9.54 -9.1 -8.92 -10.1 -2.47 -5.87 4.47 0.605 -9.05 1145 1.1 -4.3 -3.64 -2.53 -6.42 -1.48 -6.21 0.0342 -3.56 -4.37 -3.56 -0.894 -4.12 -4.07 -2.04 1.1 1578 -2.08 2.18 -2.44 0.664 -3.93 -0.873 -7.28 2.26 0.571 19.4 -9.79 1.01 -1.85 -10.8 -4.29 -2.08 2790 -5.19 -4.07 -7.19 -1.89 -6.43 -4.73 -3.63 -5.03 -4.64 -14.1 1.64 -2.68 -13.1 -3.64 2.18 -5.19 1595 -7.6 -9.13 -1.21 -4.44 -3.04 -7.7 -7.2 -6.39 -11.1 -4.44 -5.46 -7.88 -2.53 -2.44 -4.07 -7.6 2827 -5.27 -1.04 -0.523 -8.15 -4.29 -4.63 -2.86 702 1.6 -0.503 -15.2 -6.43 0.664 -7.19 -9.13 -5.27 2603 -0.271 -7.88 185 -6.68 -7.65 -2.94 -4 -4.23 -2.49 -0.794 -1.48 -3.93 -1.89 -1.21 -1.04 -0.272 1797 0.0516 -5.32 0.482 -0.171 -3.82 -8.22 4.55 1.81 -9.54 -6.21 -0.873 -6.43 -4.43 -0.523 -7.88 0.0505 1524 -0.937 -3.1 -4.71 -5.92 -643 -8.95 -8.44 -9.11 0.0331 -7.28 -4.73 -3.04 -8.15 185 -5.32 -0.937 3862 -0.929 -2.81 -3 -9.51 1.6 -1.02 -8.92 -3.56 2.26 -3.63 -7.7 -4.29 -6.68 0.481 -3.1 -0.928 1876 -5.49 -4.21 -11.8 1.34 -1.37 -10.1 -4.37 0.571 -5.03 -7.2 -4.63 -7.65 -0.171 -4.71 -2.82 -5.49 1588 
dim(Phi) 16 16 
time:  21.3 1.26 22.6 0 0.008   21.6 1.32 23 0 0.008   22.2 1.36 23.7 0 0.008   22.2 1.36 23.7 0 0.008 
$p.value
[1] 0.584

$param
$param$p.val.each
[1] 0.845 0.843 0.837 0.822 0.741 0.552 0.380

$param$q.val.each
[1] 12118 12145 12226 12360 12791 13464 14806

$param$rho
[1] 0.00 0.01 0.04 0.09 0.25 0.50 1.00

$param$minp
[1] 0.38

$param$rho_est
[1] 1


$p.value.resampling
NULL

$p.value.cond
[1] 0.583

$condOut
$condOut$p.value
[1] 0.583

$condOut$param
$condOut$param$p.val.each
[1] 0.844 0.843 0.837 0.822 0.740 0.550 0.379

$condOut$param$q.val.each
[1] 12124 12152 12234 12371 12810 13496 14865

$condOut$param$rho
[1] 0.00 0.01 0.04 0.09 0.25 0.50 1.00

$condOut$param$minp
[1] 0.379

$condOut$param$rho_est
[1] 1


$condOut$p.value.resampling
NULL


$IsMeta
[1] TRUE

$markerNumbyMAC
[1] 1 7 4 0 2 2 0 0

$m
[1] 16

saigeskatTest$p.value:  0.584 
   user  system elapsed 
  22.77    1.42   24.26 
[1] 19
std::size_t sample_size = marker_file.samples().size();10000
cntMarker:  18 
m = 18 
m 18 
dim(G1) 1000 18 
dim(Score) 18 
   user  system elapsed 
  0.005   0.004   0.009 
[1] "at-xt"
   user  system elapsed 
  0.383   0.000   0.384 
[1] "bt-at"
G2_tilde_Ps_G2_tilde:  5.3 
G1_tilde_Ps_G2_tilde:  -0.228 -0.185 -0.442 -2.54 -0.562 -0.166 -0.295 -0.162 -0.159 -0.183 -0.326 -0.148 -0.307 -0.0918 -0.121 -0.108 -0.107 -0.547 
G1_tilde_P_G2_tilde_G2_tilde_P_G2_tilde_inv:  -0.0432 -0.0348 -0.0833 -0.476 -0.106 -0.0312 -0.0554 -0.0306 -0.0299 -0.0345 -0.0614 -0.0279 -0.0578 -0.0173 -0.0228 -0.0204 -0.0203 -0.103 
Score_cond: ,  33.5 36 1.77 -21 1.42 -18.9 85.7 -16.1 -93.1 -17.6 29.8 -2.89 -7.19 -13.2 -68.6 -32.5 64.3 49.9 
Phi_cond,  2947 -1.04 -14 -11.2 -12.6 -6.15 -17.6 -0.936 1.89 -2.09 -5.09 -4.25 -5.97 -2.2 -8.01 -2.66 -1.98 -13.4 -1.04 1560 -9.78 -14.6 -6.25 -3.4 -22.9 -1 -1.7 -1.77 -2.24 -2.43 -1.97 -4 -5.43 -1.9 -5.38 -9.29 -14 -9.78 5024 -38.9 -18.3 -5.47 -494 -8.89 -11 -8.28 -12.6 -6 -13.8 -3.97 -3.18 -4.8 -7.42 -10.5 -11.2 -14.5 -38.9 7975 -45.9 -20.3 -41.2 -8.06 -32.7 -14.2 -27.7 -13.5 -23.9 -11.2 -16.5 -11.8 -6.26 -51 -12.6 -6.25 -18.3 -45.9 4218 -2.06 -30.1 -9.32 -10.6 -5.73 -5.75 -5.28 -10.4 -3.82 -5.02 -2.56 -13.4 -12 -6.15 -3.4 -5.47 -20.3 -2.06 1561 -17.6 -2.85 -5.93 -2.32 -1.95 -1.8 -3.11 -3.15 -1.98 -1.68 -5.72 -3.75 -17.6 -22.8 -494 -41.2 -30.1 -17.6 9653 -8.81 -15.8 -18.3 -31.6 -9.21 -20.3 -12.1 -2.67 -14.9 227 -136 -0.935 -1 -8.88 -8.07 -9.32 -2.85 -8.8 1546 -0.234 -1.7 -3.64 -2.45 -3.97 -1.23 -3.8 -1.15 -1.59 -8.2 1.89 -1.7 -11 -32.7 -10.6 -5.93 -15.8 -0.234 2336 -2.44 -5.29 -3.39 -4.06 -3.26 -6.57 -3.01 -1.9 -14 -2.09 -1.77 -8.28 -14.2 -5.73 -2.31 -18.3 -1.7 -2.44 1539 -2.38 -1.98 -1.72 -3.61 -3.82 -1.65 -5.63 -8.86 -5.09 -2.24 -12.6 -27.7 -5.75 -1.95 -31.6 -3.64 -5.29 -2.38 1668 -2.94 -3.15 -4.57 -5.62 -1.59 -10.2 -8.01 -4.25 -2.43 -6 -13.5 -5.28 -1.8 -9.21 -2.45 -3.39 -1.98 -2.94 1528 -4.18 -1.37 -1.97 -1.23 -2.66 -4.39 -5.97 -1.97 -13.8 -23.9 -10.4 -3.11 -20.3 -3.97 -4.06 -1.72 -3.15 -4.18 2622 -0.75 -5.78 -0.96 -3.85 -4.04 -2.2 -4 -3.97 -11.2 -3.82 -3.15 -12.1 -1.23 -3.26 -3.61 -4.57 -1.37 -0.75 2089 -1.74 -3.18 -4.82 -12.1 -8.01 -5.44 -3.18 -16.5 -5.02 -1.98 -2.67 -3.8 -6.57 -3.82 -5.62 -1.97 -5.77 -1.74 1691 -2.3 -2.19 -5.48 -2.66 -1.9 -4.8 -11.8 -2.56 -1.68 -14.9 -1.15 -3.01 -1.65 -1.59 -1.23 -0.96 -3.18 -2.3 1150 -4.32 -5.44 -1.98 -5.37 -7.42 -6.26 -13.4 -5.72 227 -1.59 -1.9 -5.63 -10.2 -2.66 -3.84 -4.81 -2.18 -4.31 3280 -20.9 -13.4 -9.3 -10.5 -51 -12 -3.76 -136 -8.19 -14 -8.86 -8.01 -4.39 -4.04 -12.1 -5.48 -5.44 -20.9 3757 
dim(Phi) 18 18 
time:  22.8 1.42 24.3 0 0.008   23.2 1.42 24.7 0 0.008   23.6 1.45 25.1 0 0.008   23.6 1.45 25.1 0 0.008 
$p.value
[1] 1

$param
$param$p.val.each
[1] 0.861 0.865 0.878 0.894 0.926 0.952 0.966

$param$q.val.each
[1] 16658.6 16492.6 15994.6 15164.5 12508.2  8357.8    73.6

$param$rho
[1] 0.00 0.01 0.04 0.09 0.25 0.50 1.00

$param$minp
[1] 0.861

$param$rho_est
[1] 0


$p.value.resampling
NULL

$p.value.cond
[1] 1

$condOut
$condOut$p.value
[1] 1

$condOut$param
$condOut$param$p.val.each
[1] 0.861 0.865 0.878 0.894 0.925 0.952 0.964

$condOut$param$q.val.each
[1] 16658 16492 15994 15164 12509  8360    79

$condOut$param$rho
[1] 0.00 0.01 0.04 0.09 0.25 0.50 1.00

$condOut$param$minp
[1] 0.861

$condOut$param$rho_est
[1] 0


$condOut$p.value.resampling
NULL


$IsMeta
[1] TRUE

$markerNumbyMAC
[1] 1 5 4 2 1 3 2 0

$m
[1] 18

saigeskatTest$p.value:  1 
   user  system elapsed 
  23.90    1.46   25.42 
[1] 20
closed the genofile!
Analysis ended at  1.54e+09 Seconds
Analysis took  23.2 Seconds
