$dosageFile
[1] ""

$dosageFileNrowSkip
[1] 0

$dosageFileNcolSkip
[1] 5

$dosageFilecolnamesSkip
[1] ""

$vcfFile
[1] "./input/seedNumLow_126001_seedNumHigh_127000_nfam_1000_nindep_0.sav"

$vcfFileIndex
[1] "./input/seedNumLow_126001_seedNumHigh_127000_nfam_1000_nindep_0.sav.s1r"

$vcfField
[1] "DS"

$bgenFile
[1] ""

$bgenFileIndex
[1] ""

$savFile
[1] ""

$savFileIndex
[1] ""

$chrom
[1] "chr1"

$start
[1] 1

$end
[1] 2.5e+08

$minMAF
[1] 0

$minMAC
[1] 0.5

$sampleFile
[1] "./input/samplelist.txt"

$GMMATmodelFile
[1] "./output/example_quantitative.rda"

$varianceRatioFile
[1] "./output/example_quantitative_cate.varianceRatio.txt"

$SAIGEOutputFile
[1] "./output/example_quantitative.SAIGE.gene.txt"

$numLinesOutput
[1] 1

$IsOutputAFinCaseCtrl
[1] TRUE

$LOCO
[1] FALSE

$condition
[1] ""

$groupFile
[1] "./input/groupFile_geneBasedtest.txt"

$sparseSigmaFile
[1] "./output/example_quantitative_cate.varianceRatio.txt.sparseSigma.mtx"

$maxMAFforGroupTest
[1] 0.01

$minInfo
[1] 0

$cateVarRatioMinMACVecExclude
[1] "0.5,1.5,2.5,3.5,4.5,5.5,10.5,20.5"

$cateVarRatioMaxMACVecInclude
[1] "1.5,2.5,3.5,4.5,5.5,10.5,20.5"

$IsSingleVarinGroupTest
[1] TRUE

$help
[1] FALSE

[1]  0.5  1.5  2.5  3.5  4.5  5.5 10.5 20.5
[1]  1.5  2.5  3.5  4.5  5.5 10.5 20.5
group-based test will be performed
1000  samples have been used to fit the glmm null model
obj.glmm.null$LOCO:  FALSE 
Leave-one-chromosome-out option is not applied
variance Ratio is  0.995 0.992 0.992 0.996 0.999 0.994 0.986 0.985 
10000  sample IDs are found in sample file
[1] 10000     4
[1] "IID"          "IndexInModel" "IndexDose.x"  "IndexDose.y" 
1000  samples were used in fitting the NULL glmm model and are found in sample file
sparse kinship matrix is going to be used
sparseSigmaFile:  ./output/example_quantitative_cate.varianceRatio.txt.sparseSigma.mtx 
Analysis started at  1.54e+09 Seconds
It is a quantitative trait
obj.glmm.null$LOCO  FALSE 
minMAC:  0.5 
minMAF:  0 
Minimum MAF of markers to be testd is  0.00025 
Analysis started at  1.54e+09 Seconds
genetic variants with  0.00025 <= MAF <=  0.01 are included for gene-based tests
Open VCF done
To read the field DS
Number of meta lines in the vcf file (lines starting with ##): 8
Number of samples in in the vcf file: 10000
It is a quantitative trait
std::size_t sample_size = marker_file.samples().size();10000
cntMarker:  9 
m = 9 
m 9 
dim(G1) 1000 9 
dim(Score) 9 
   user  system elapsed 
  0.028   0.020   0.052 
[1] "at-xt"
   user  system elapsed 
  0.253   0.044   0.297 
[1] "bt-at"
dim(Phi) 9 9 
time:  1.99 0.185 2.21 0 0.007   2.25 0.229 2.51 0 0.007   2.25 0.229 2.51 0 0.007   2.25 0.229 2.51 0 0.007 
$p.value
[1] 0.916

$param
$param$p.val.each
[1] 0.847 0.850 0.859 0.870 0.891 0.903 0.753

$param$q.val.each
[1] 5439 5395 5263 5042 4337 3235 1036

$param$rho
[1] 0.00 0.01 0.04 0.09 0.25 0.50 1.00

$param$minp
[1] 0.753

$param$rho_est
[1] 1


$p.value.resampling
NULL

$p.value.cond
[1] NA

$IsMeta
[1] TRUE

$markerNumbyMAC
[1] 1 1 3 1 2 1 0 0

$m
[1] 9

saigeskatTest$p.value:  0.916 
   user  system elapsed 
  2.524   0.236   2.785 
[1] 1
std::size_t sample_size = marker_file.samples().size();10000
cntMarker:  7 
m = 7 
m 7 
dim(G1) 1000 7 
dim(Score) 7 
   user  system elapsed 
  0.005   0.000   0.005 
[1] "at-xt"
   user  system elapsed 
  0.147   0.004   0.152 
[1] "bt-at"
dim(Phi) 7 7 
time:  2.54 0.229 2.8 0 0.007   2.69 0.233 2.95 0 0.007   2.69 0.233 2.95 0 0.007   2.69 0.233 2.95 0 0.007 
$p.value
[1] 1

$param
$param$p.val.each
[1] 0.770 0.775 0.787 0.805 0.849 0.895 0.936

$param$q.val.each
[1] 4583.3 4538.1 4402.3 4175.9 3451.6 2320.0   61.1

$param$rho
[1] 0.00 0.01 0.04 0.09 0.25 0.50 1.00

$param$minp
[1] 0.77

$param$rho_est
[1] 0


$p.value.resampling
NULL

$p.value.cond
[1] NA

$IsMeta
[1] TRUE

$markerNumbyMAC
[1] 2 0 3 0 0 2 0 0

$m
[1] 7

saigeskatTest$p.value:  1 
   user  system elapsed 
   2.80    0.24    3.06 
[1] 2
std::size_t sample_size = marker_file.samples().size();10000
cntMarker:  13 
m = 13 
m 13 
dim(G1) 1000 13 
dim(Score) 13 
   user  system elapsed 
  0.006   0.000   0.006 
[1] "at-xt"
   user  system elapsed 
  0.289   0.000   0.289 
[1] "bt-at"
dim(Phi) 13 13 
time:  2.81 0.233 3.08 0 0.007   3.1 0.233 3.37 0 0.007   3.1 0.233 3.37 0 0.007   3.1 0.233 3.37 0 0.007 
$p.value
[1] 0.718

$param
$param$p.val.each
[1] 0.767 0.769 0.774 0.777 0.762 0.682 0.503

$param$q.val.each
[1] 15869 15815 15655 15387 14531 13194 10524

$param$rho
[1] 0.00 0.01 0.04 0.09 0.25 0.50 1.00

$param$minp
[1] 0.503

$param$rho_est
[1] 1


$p.value.resampling
NULL

$p.value.cond
[1] NA

$IsMeta
[1] TRUE

$markerNumbyMAC
[1] 0 2 1 5 1 2 2 0

$m
[1] 13

saigeskatTest$p.value:  0.718 
   user  system elapsed 
   3.42    0.24    3.68 
[1] 3
std::size_t sample_size = marker_file.samples().size();10000
cntMarker:  15 
m = 15 
m 15 
dim(G1) 1000 15 
dim(Score) 15 
   user  system elapsed 
  0.006   0.000   0.006 
[1] "at-xt"
   user  system elapsed 
  0.324   0.000   0.323 
[1] "bt-at"
dim(Phi) 15 15 
time:  3.43 0.233 3.7 0 0.007   3.75 0.233 4.02 0 0.007   3.75 0.233 4.02 0 0.007   3.75 0.233 4.02 0 0.007 
$p.value
[1] 0.147

$param
$param$p.val.each
[1] 0.2000 0.1907 0.1671 0.1393 0.1032 0.0936 0.0915

$param$q.val.each
[1]  33301  34170  36778  41123  55029  76757 120125

$param$rho
[1] 0.00 0.01 0.04 0.09 0.25 0.50 1.00

$param$minp
[1] 0.0915

$param$rho_est
[1] 1


$p.value.resampling
NULL

$p.value.cond
[1] NA

$IsMeta
[1] TRUE

$markerNumbyMAC
[1] 3 0 4 0 0 7 1 0

$m
[1] 15

saigeskatTest$p.value:  0.147 
   user  system elapsed 
  4.214   0.304   4.545 
[1] 4
std::size_t sample_size = marker_file.samples().size();10000
cntMarker:  10 
m = 10 
m 10 
dim(G1) 1000 10 
dim(Score) 10 
   user  system elapsed 
  0.006   0.000   0.006 
[1] "at-xt"
   user  system elapsed 
  0.208   0.000   0.208 
[1] "bt-at"
dim(Phi) 10 10 
time:  4.23 0.297 4.56 0 0.007   4.44 0.297 4.77 0 0.007   4.44 0.297 4.77 0 0.007   4.44 0.297 4.77 0 0.007 
$p.value
[1] 0.0594

$param
$param$p.val.each
[1] 0.0571 0.0549 0.0494 0.0425 0.0335 0.0358 0.0446

$param$q.val.each
[1] 32959 33285 34262 35890 41102 49245 65499

$param$rho
[1] 0.00 0.01 0.04 0.09 0.25 0.50 1.00

$param$minp
[1] 0.0335

$param$rho_est
[1] 0.25


$p.value.resampling
NULL

$p.value.cond
[1] NA

$IsMeta
[1] TRUE

$markerNumbyMAC
[1] 3 2 0 1 1 2 1 0

$m
[1] 10

saigeskatTest$p.value:  0.0594 
   user  system elapsed 
  4.768   0.304   5.100 
[1] 5
std::size_t sample_size = marker_file.samples().size();10000
cntMarker:  16 
m = 16 
m 16 
dim(G1) 1000 16 
dim(Score) 16 
   user  system elapsed 
  0.007   0.000   0.006 
[1] "at-xt"
   user  system elapsed 
  0.323   0.003   0.328 
[1] "bt-at"
dim(Phi) 16 16 
time:  4.78 0.297 5.12 0 0.007   5.11 0.3 5.44 0 0.007   5.11 0.3 5.44 0 0.007   5.11 0.3 5.44 0 0.007 
$p.value
[1] 0.787

$param
$param$p.val.each
[1] 0.576 0.584 0.605 0.635 0.694 0.728 0.678

$param$q.val.each
[1] 18003 17866 17452 16762 14555 11106  4222

$param$rho
[1] 0.00 0.01 0.04 0.09 0.25 0.50 1.00

$param$minp
[1] 0.576

$param$rho_est
[1] 0


$p.value.resampling
NULL

$p.value.cond
[1] NA

$IsMeta
[1] TRUE

$markerNumbyMAC
[1] 2 4 3 2 3 2 0 0

$m
[1] 16

saigeskatTest$p.value:  0.787 
   user  system elapsed 
  5.493   0.323   5.845 
[1] 6
std::size_t sample_size = marker_file.samples().size();10000
cntMarker:  13 
m = 13 
m 13 
dim(G1) 1000 13 
dim(Score) 13 
   user  system elapsed 
  0.006   0.000   0.006 
[1] "at-xt"
   user  system elapsed 
  0.280   0.052   0.333 
[1] "bt-at"
dim(Phi) 13 13 
time:  5.51 0.316 5.86 0 0.007   5.79 0.368 6.19 0 0.007   5.79 0.368 6.2 0 0.007   5.79 0.368 6.2 0 0.007 
$p.value
[1] 0.697

$param
$param$p.val.each
[1] 0.482 0.489 0.508 0.538 0.608 0.663 0.655

$param$q.val.each
[1] 13860 13750 13421 12871 11114  8368  2887

$param$rho
[1] 0.00 0.01 0.04 0.09 0.25 0.50 1.00

$param$minp
[1] 0.482

$param$rho_est
[1] 0


$p.value.resampling
NULL

$p.value.cond
[1] NA

$IsMeta
[1] TRUE

$markerNumbyMAC
[1] 3 5 2 0 0 3 0 0

$m
[1] 13

saigeskatTest$p.value:  0.697 
   user  system elapsed 
  6.102   0.424   6.556 
[1] 7
std::size_t sample_size = marker_file.samples().size();10000
cntMarker:  16 
m = 16 
m 16 
dim(G1) 1000 16 
dim(Score) 16 
   user  system elapsed 
  0.007   0.000   0.008 
[1] "at-xt"
   user  system elapsed 
  0.353   0.012   0.365 
[1] "bt-at"
dim(Phi) 16 16 
time:  6.12 0.417 6.57 0 0.007   6.47 0.429 6.94 0 0.007   6.47 0.429 6.94 0 0.007   6.47 0.429 6.94 0 0.007 
$p.value
[1] 0.621

$param
$param$p.val.each
[1] 0.410 0.415 0.429 0.448 0.479 0.475 0.462

$param$q.val.each
[1] 21003 20907 20620 20142 18613 16223 11453

$param$rho
[1] 0.00 0.01 0.04 0.09 0.25 0.50 1.00

$param$minp
[1] 0.41

$param$rho_est
[1] 0


$p.value.resampling
NULL

$p.value.cond
[1] NA

$IsMeta
[1] TRUE

$markerNumbyMAC
[1] 3 2 5 3 0 1 2 0

$m
[1] 16

saigeskatTest$p.value:  0.621 
   user  system elapsed 
  6.832   0.448   7.310 
[1] 8
std::size_t sample_size = marker_file.samples().size();10000
cntMarker:  16 
m = 16 
m 16 
dim(G1) 1000 16 
dim(Score) 16 
   user  system elapsed 
  0.006   0.000   0.006 
[1] "at-xt"
   user  system elapsed 
  0.365   0.040   0.404 
[1] "bt-at"
dim(Phi) 16 16 
time:  6.85 0.441 7.33 0 0.007   7.21 0.481 7.73 0 0.007   7.21 0.481 7.73 0 0.007   7.21 0.481 7.73 0 0.007 
$p.value
[1] 0.312

$param
$param$p.val.each
[1] 0.191 0.195 0.207 0.228 0.283 0.338 0.402

$param$q.val.each
[1] 29047 28968 28732 28339 27081 25115 21191

$param$rho
[1] 0.00 0.01 0.04 0.09 0.25 0.50 1.00

$param$minp
[1] 0.191

$param$rho_est
[1] 0


$p.value.resampling
NULL

$p.value.cond
[1] NA

$IsMeta
[1] TRUE

$markerNumbyMAC
[1] 2 4 1 6 0 1 2 0

$m
[1] 16

saigeskatTest$p.value:  0.312 
   user  system elapsed 
  7.615   0.496   8.143 
[1] 9
std::size_t sample_size = marker_file.samples().size();10000
cntMarker:  9 
m = 9 
m 9 
dim(G1) 1000 9 
dim(Score) 9 
   user  system elapsed 
  0.006   0.000   0.005 
[1] "at-xt"
   user  system elapsed 
  0.193   0.000   0.194 
[1] "bt-at"
dim(Phi) 9 9 
time:  7.63 0.489 8.16 0 0.007   7.82 0.489 8.35 0 0.007   7.82 0.489 8.35 0 0.007   7.82 0.489 8.35 0 0.007 
$p.value
[1] 1

$param
$param$p.val.each
[1] 0.933 0.934 0.939 0.944 0.956 0.965 0.845

$param$q.val.each
[1] 6322 6266 6097 5815 4914 3506  696

$param$rho
[1] 0.00 0.01 0.04 0.09 0.25 0.50 1.00

$param$minp
[1] 0.845

$param$rho_est
[1] 1


$p.value.resampling
NULL

$p.value.cond
[1] NA

$IsMeta
[1] TRUE

$markerNumbyMAC
[1] 1 2 2 0 0 2 2 0

$m
[1] 9

saigeskatTest$p.value:  1 
   user  system elapsed 
  7.990   0.507   8.530 
[1] 10
std::size_t sample_size = marker_file.samples().size();10000
cntMarker:  13 
m = 13 
m 13 
dim(G1) 1000 13 
dim(Score) 13 
   user  system elapsed 
  0.008   0.000   0.009 
[1] "at-xt"
   user  system elapsed 
  0.276   0.020   0.296 
[1] "bt-at"
dim(Phi) 13 13 
time:  8.01 0.504 8.55 0 0.007   8.28 0.524 8.85 0 0.007   8.28 0.524 8.85 0 0.007   8.28 0.524 8.85 0 0.007 
$p.value
[1] 0.0669

$param
$param$p.val.each
[1] 0.0364 0.0385 0.0463 0.0644 0.1559 0.3387 0.7807

$param$q.val.each
[1] 32754 32440 31498 29929 24907 17061  1400

$param$rho
[1] 0.00 0.01 0.04 0.09 0.25 0.50 1.00

$param$minp
[1] 0.0364

$param$rho_est
[1] 0


$p.value.resampling
NULL

$p.value.cond
[1] NA

$IsMeta
[1] TRUE

$markerNumbyMAC
[1] 3 1 5 1 0 2 1 0

$m
[1] 13

saigeskatTest$p.value:  0.0669 
   user  system elapsed 
  8.559   0.535   9.128 
[1] 11
std::size_t sample_size = marker_file.samples().size();10000
cntMarker:  19 
m = 19 
m 19 
dim(G1) 1000 19 
dim(Score) 19 
   user  system elapsed 
  0.007   0.000   0.007 
[1] "at-xt"
   user  system elapsed 
  0.402   0.032   0.435 
[1] "bt-at"
dim(Phi) 19 19 
time:  8.57 0.528 9.14 0 0.007   8.98 0.56 9.58 0 0.007   8.98 0.56 9.58 0 0.007   8.98 0.56 9.58 0 0.007 
$p.value
[1] 0.239

$param
$param$p.val.each
[1] 0.611 0.595 0.543 0.457 0.251 0.160 0.136

$param$q.val.each
[1] 16651 16915 17705 19023 23240 29829 42980

$param$rho
[1] 0.00 0.01 0.04 0.09 0.25 0.50 1.00

$param$minp
[1] 0.136

$param$rho_est
[1] 1


$p.value.resampling
NULL

$p.value.cond
[1] NA

$IsMeta
[1] TRUE

$markerNumbyMAC
[1] 5 6 4 1 1 2 0 0

$m
[1] 19

saigeskatTest$p.value:  0.239 
   user  system elapsed 
  9.418   0.595  10.048 
[1] 12
std::size_t sample_size = marker_file.samples().size();10000
cntMarker:  10 
m = 10 
m 10 
dim(G1) 1000 10 
dim(Score) 10 
   user  system elapsed 
  0.006   0.000   0.006 
[1] "at-xt"
   user  system elapsed 
  0.223   0.000   0.223 
[1] "bt-at"
dim(Phi) 10 10 
time:  9.43 0.588 10.1 0 0.007   9.66 0.588 10.3 0 0.007   9.66 0.588 10.3 0 0.007   9.66 0.588 10.3 0 0.007 
$p.value
[1] 0.194

$param
$param$p.val.each
[1] 0.204 0.198 0.183 0.162 0.124 0.114 0.120

$param$q.val.each
[1] 19558 19771 20410 21474 24880 30201 40822

$param$rho
[1] 0.00 0.01 0.04 0.09 0.25 0.50 1.00

$param$minp
[1] 0.114

$param$rho_est
[1] 0.5


$p.value.resampling
NULL

$p.value.cond
[1] NA

$IsMeta
[1] TRUE

$markerNumbyMAC
[1] 1 0 2 4 0 3 0 0

$m
[1] 10

saigeskatTest$p.value:  0.194 
   user  system elapsed 
  9.949   0.595  10.580 
[1] 13
std::size_t sample_size = marker_file.samples().size();10000
cntMarker:  19 
m = 19 
m 19 
dim(G1) 1000 19 
dim(Score) 19 
   user  system elapsed 
  0.007   0.000   0.007 
[1] "at-xt"
   user  system elapsed 
  0.378   0.012   0.390 
[1] "bt-at"
dim(Phi) 19 19 
time:  9.96 0.588 10.6 0 0.007   10.3 0.6 11 0 0.007   10.3 0.6 11 0 0.007   10.3 0.6 11 0 0.007 
$p.value
[1] 1

$param
$param$p.val.each
[1] 0.824 0.830 0.846 0.866 0.903 0.931 0.873

$param$q.val.each
[1] 16314 16157 15687 14905 12400  8487   676

$param$rho
[1] 0.00 0.01 0.04 0.09 0.25 0.50 1.00

$param$minp
[1] 0.824

$param$rho_est
[1] 0


$p.value.resampling
NULL

$p.value.cond
[1] NA

$IsMeta
[1] TRUE

$markerNumbyMAC
[1] 1 3 6 4 2 2 1 0

$m
[1] 19

saigeskatTest$p.value:  1 
   user  system elapsed 
 10.675   0.691  11.403 
[1] 14
std::size_t sample_size = marker_file.samples().size();10000
cntMarker:  10 
m = 10 
m 10 
dim(G1) 1000 10 
dim(Score) 10 
   user  system elapsed 
  0.007   0.000   0.007 
[1] "at-xt"
   user  system elapsed 
  0.204   0.004   0.208 
[1] "bt-at"
dim(Phi) 10 10 
time:  10.7 0.684 11.4 0 0.007   10.9 0.688 11.6 0 0.007   10.9 0.688 11.6 0 0.007   10.9 0.688 11.6 0 0.007 
$p.value
[1] 0.773

$param
$param$p.val.each
[1] 0.984 0.983 0.983 0.981 0.969 0.916 0.563

$param$q.val.each
[1] 2250 2255 2269 2294 2373 2496 2742

$param$rho
[1] 0.00 0.01 0.04 0.09 0.25 0.50 1.00

$param$minp
[1] 0.563

$param$rho_est
[1] 1


$p.value.resampling
NULL

$p.value.cond
[1] NA

$IsMeta
[1] TRUE

$markerNumbyMAC
[1] 6 0 1 3 0 0 0 0

$m
[1] 10

saigeskatTest$p.value:  0.773 
   user  system elapsed 
 11.182   0.695  11.915 
[1] 15
std::size_t sample_size = marker_file.samples().size();10000
cntMarker:  15 
m = 15 
m 15 
dim(G1) 1000 15 
dim(Score) 15 
   user  system elapsed 
  0.003   0.004   0.007 
[1] "at-xt"
   user  system elapsed 
  0.368   0.048   0.416 
[1] "bt-at"
dim(Phi) 15 15 
time:  11.2 0.696 11.9 0 0.007   11.6 0.744 12.3 0 0.007   11.6 0.744 12.3 0 0.007   11.6 0.744 12.3 0 0.007 
$p.value
[1] 0.0517

$param
$param$p.val.each
[1] 0.0288 0.0283 0.0277 0.0287 0.0428 0.0724 0.1147

$param$q.val.each
[1] 46775 46878 47187 47701 49347 51920 57054

$param$rho
[1] 0.00 0.01 0.04 0.09 0.25 0.50 1.00

$param$minp
[1] 0.0277

$param$rho_est
[1] 0.04


$p.value.resampling
NULL

$p.value.cond
[1] NA

$IsMeta
[1] TRUE

$markerNumbyMAC
[1] 1 5 3 0 0 5 1 0

$m
[1] 15

saigeskatTest$p.value:  0.0517 
   user  system elapsed 
 11.903   0.779  12.721 
[1] 16
std::size_t sample_size = marker_file.samples().size();10000
cntMarker:  14 
m = 14 
m 14 
dim(G1) 1000 14 
dim(Score) 14 
   user  system elapsed 
  0.007   0.000   0.008 
[1] "at-xt"
   user  system elapsed 
  0.285   0.000   0.285 
[1] "bt-at"
dim(Phi) 14 14 
time:  11.9 0.773 12.7 0 0.007   12.2 0.773 13 0 0.007   12.2 0.773 13 0 0.007   12.2 0.773 13 0 0.007 
$p.value
[1] 0.437

$param
$param$p.val.each
[1] 0.697 0.692 0.675 0.643 0.518 0.352 0.268

$param$q.val.each
[1] 11341 11410 11619 11966 13078 14815 18283

$param$rho
[1] 0.00 0.01 0.04 0.09 0.25 0.50 1.00

$param$minp
[1] 0.268

$param$rho_est
[1] 1


$p.value.resampling
NULL

$p.value.cond
[1] NA

$IsMeta
[1] TRUE

$markerNumbyMAC
[1] 4 4 2 1 0 3 0 0

$m
[1] 14

saigeskatTest$p.value:  0.437 
   user  system elapsed 
 12.599   0.835  13.473 
[1] 17
std::size_t sample_size = marker_file.samples().size();10000
cntMarker:  14 
m = 14 
m 14 
dim(G1) 1000 14 
dim(Score) 14 
   user  system elapsed 
  0.009   0.000   0.008 
[1] "at-xt"
   user  system elapsed 
  0.305   0.011   0.318 
[1] "bt-at"
dim(Phi) 14 14 
time:  12.6 0.829 13.5 0 0.007   12.9 0.84 13.8 0 0.007   12.9 0.84 13.8 0 0.007   12.9 0.84 13.8 0 0.007 
$p.value
[1] 0.526

$param
$param$p.val.each
[1] 0.957 0.950 0.926 0.875 0.678 0.477 0.367

$param$q.val.each
[1]  8241  8626  9779 11700 17849 27457 46633

$param$rho
[1] 0.00 0.01 0.04 0.09 0.25 0.50 1.00

$param$minp
[1] 0.367

$param$rho_est
[1] 1


$p.value.resampling
NULL

$p.value.cond
[1] NA

$IsMeta
[1] TRUE

$markerNumbyMAC
[1] 2 1 5 1 0 1 4 0

$m
[1] 14

saigeskatTest$p.value:  0.526 
   user  system elapsed 
 13.351   0.867  14.258 
[1] 18
std::size_t sample_size = marker_file.samples().size();10000
cntMarker:  16 
m = 16 
m 16 
dim(G1) 1000 16 
dim(Score) 16 
   user  system elapsed 
  0.007   0.004   0.011 
[1] "at-xt"
   user  system elapsed 
  0.374   0.048   0.422 
[1] "bt-at"
dim(Phi) 16 16 
time:  13.4 0.869 14.3 0 0.007   13.7 0.917 14.7 0 0.007   13.7 0.917 14.7 0 0.007   13.7 0.917 14.7 0 0.007 
$p.value
[1] 0.584

$param
$param$p.val.each
[1] 0.845 0.843 0.837 0.822 0.741 0.552 0.380

$param$q.val.each
[1] 12118 12145 12226 12360 12791 13464 14806

$param$rho
[1] 0.00 0.01 0.04 0.09 0.25 0.50 1.00

$param$minp
[1] 0.38

$param$rho_est
[1] 1


$p.value.resampling
NULL

$p.value.cond
[1] NA

$IsMeta
[1] TRUE

$markerNumbyMAC
[1] 1 7 4 0 2 2 0 0

$m
[1] 16

saigeskatTest$p.value:  0.584 
   user  system elapsed 
 14.119   0.928  15.087 
[1] 19
std::size_t sample_size = marker_file.samples().size();10000
cntMarker:  18 
m = 18 
m 18 
dim(G1) 1000 18 
dim(Score) 18 
   user  system elapsed 
  0.007   0.000   0.007 
[1] "at-xt"
   user  system elapsed 
  0.432   0.068   0.500 
[1] "bt-at"
dim(Phi) 18 18 
time:  14.1 0.925 15.1 0 0.007   14.6 0.993 15.6 0 0.007   14.6 0.993 15.6 0 0.007   14.6 0.993 15.6 0 0.007 
$p.value
[1] 1

$param
$param$p.val.each
[1] 0.861 0.865 0.878 0.894 0.926 0.952 0.966

$param$q.val.each
[1] 16658.6 16492.6 15994.6 15164.5 12508.2  8357.8    73.6

$param$rho
[1] 0.00 0.01 0.04 0.09 0.25 0.50 1.00

$param$minp
[1] 0.861

$param$rho_est
[1] 0


$p.value.resampling
NULL

$p.value.cond
[1] NA

$IsMeta
[1] TRUE

$markerNumbyMAC
[1] 1 5 4 2 1 3 2 0

$m
[1] 18

saigeskatTest$p.value:  1 
   user  system elapsed 
   14.9     1.0    15.9 
[1] 20
closed the genofile!
Analysis ended at  1.54e+09 Seconds
Analysis took  13.8 Seconds
