R version 3.6.1 (2019-07-05)
Platform: x86_64-pc-linux-gnu (64-bit)
Running under: Ubuntu 16.04.6 LTS

Matrix products: default
BLAS/LAPACK: /usr/lib/libopenblasp-r0.2.18.so

locale:
 [1] LC_CTYPE=en_US.UTF-8       LC_NUMERIC=C              
 [3] LC_TIME=en_US.UTF-8        LC_COLLATE=en_US.UTF-8    
 [5] LC_MONETARY=en_US.UTF-8    LC_MESSAGES=en_US.UTF-8   
 [7] LC_PAPER=en_US.UTF-8       LC_NAME=C                 
 [9] LC_ADDRESS=C               LC_TELEPHONE=C            
[11] LC_MEASUREMENT=en_US.UTF-8 LC_IDENTIFICATION=C       

attached base packages:
[1] stats     graphics  grDevices utils     datasets  methods   base     

other attached packages:
[1] SAIGE_0.36.3.5

loaded via a namespace (and not attached):
[1] compiler_3.6.1     Matrix_1.2-17      Rcpp_1.0.3         grid_3.6.1        
[5] RcppParallel_4.4.4 lattice_0.20-38   
$vcfFile
[1] "./input/genotype_10markers.missingness.vcf.gz"

$vcfFileIndex
[1] "./input/genotype_10markers.missingness.vcf.gz.tbi"

$vcfField
[1] "GT"

$bgenFile
[1] ""

$bgenFileIndex
[1] ""

$savFile
[1] ""

$savFileIndex
[1] ""

$idstoExcludeFile
[1] ""

$idstoIncludeFile
[1] ""

$rangestoExcludeFile
[1] ""

$rangestoIncludeFile
[1] ""

$chrom
[1] "1"

$start
[1] 1

$end
[1] 2.5e+08

$IsDropMissingDosages
[1] FALSE

$minMAF
[1] 1e-04

$minMAC
[1] 1

$maxMAFforGroupTest
[1] 0.5

$minInfo
[1] 0

$sampleFile
[1] "./input/sampleIDindosage.txt"

$GMMATmodelFile
[1] "./output_test/example_survival.rda"

$varianceRatioFile
[1] "./output_test/example_survival.varianceRatio.txt"

$SAIGEOutputFile
[1] "./output_test/example_survival.SAIGE.vcf.genotype.SPAfast.txt"

$numLinesOutput
[1] 2

$IsSparse
[1] TRUE

$IsOutputAFinCaseCtrl
[1] TRUE

$IsOutputNinCaseCtrl
[1] TRUE

$LOCO
[1] FALSE

$condition
[1] ""

$sparseSigmaFile
[1] ""

$groupFile
[1] ""

$kernel
[1] "linear.weighted"

$method
[1] "optimal.adj"

$weights.beta.rare
[1] "1,25"

$weights.beta.common
[1] "1,25"

$weightMAFcutoff
[1] 0.01

$r.corr
[1] "0"

$IsSingleVarinGroupTest
[1] FALSE

$cateVarRatioMinMACVecExclude
[1] "0.5,1.5,2.5,3.5,4.5,5.5,10.5,20.5"

$cateVarRatioMaxMACVecInclude
[1] "1.5,2.5,3.5,4.5,5.5,10.5,20.5"

$dosageZerodCutoff
[1] 0.2

$IsOutputPvalueNAinGroupTestforBinary
[1] FALSE

$IsAccountforCasecontrolImbalanceinGroupTest
[1] TRUE

$weightsIncludeinGroupFile
[1] FALSE

$IsOutputBETASEinBurdenTest
[1] FALSE

$IsSPAfast
[1] TRUE

$help
[1] FALSE

weights.beta.rare  is  1 25 
weights.beta.common  is  1 25 
cateVarRatioMinMACVecExclude  is  0.5 1.5 2.5 3.5 4.5 5.5 10.5 20.5 
cateVarRatioMaxMACVecInclude  is  1.5 2.5 3.5 4.5 5.5 10.5 20.5 
single-variant association test will be performed
1000  samples have been used to fit the glmm null model
obj.glmm.null$LOCO:  FALSE 
Leave-one-chromosome-out option is not applied
Single variance ratio is provided, so categorical variance ratio won't be used!
variance Ratio is  0.8696687 
1000  sample IDs are found in sample file
[1] 1000    4
[1] "IID"          "IndexInModel" "IndexDose.x"  "IndexDose.y" 
1000  samples were used in fitting the NULL glmm model and are found in sample file
sparse kinship matrix is not used
Missing dosages will be mean imputed for the analysis
Analysis started at  1584857675 Seconds
minMAC:  1 
minMAF:  1e-04 
Minimum MAF of markers to be tested is  5e-04 
isCondition is  FALSE 
It is a survival trait
Fast SPA will be performed
Analyzing  226  events and  774  censored 
isCondition is  FALSE 
Analysis started at  1584857675 Seconds
Open VCF done
To read the field GT
Number of meta lines in the vcf file (lines starting with ##): 7
Number of samples in in the vcf file: 1000
   user  system elapsed 
  1.350   0.176   1.398 
[1] 2
numPassMarker:  2 
   user  system elapsed 
  1.355   0.176   1.404 
[1] 4
numPassMarker:  4 
   user  system elapsed 
  1.358   0.176   1.407 
[1] 6
numPassMarker:  6 
   user  system elapsed 
  1.362   0.176   1.410 
[1] 8
numPassMarker:  8 
   user  system elapsed 
  1.364   0.176   1.413 
[1] 10
numPassMarker:  10 
closed the genofile!
Analysis ended at  1584857675 Seconds
Analysis took  0.02349854 Seconds
