$plinkFile
[1] "./input/plinkforGRM_1000samples_10kMarkers"

$phenoFile
[1] "./input/pheno_1000samples.txt"

$phenoCol
[1] "y"

$traitType
[1] "quantitative"

$invNormalize
[1] FALSE

$covarColList
[1] "x1,x2"

$sampleIDColinphenoFile
[1] "IID"

$numMarkers
[1] 30

$nThreads
[1] 4

$skipModelFitting
[1] FALSE

$traceCVcutoff
[1] 1

$ratioCVcutoff
[1] 1

$LOCO
[1] FALSE

$outputPrefix
[1] "./output/example"

$IsSparseKin
[1] TRUE

$isCateVarianceRatio
[1] FALSE

$help
[1] FALSE

4  threads are set to be used  
1000  samples have genotypes
formula is  y~x1+x2 
1000  samples have non-missing phenotypes
1000  samples will be used for analysis
colnames(data.new) is  Y minus1 x1 x2 
out.transform$Param.transform$qrr:  3 3 
y  is a quantitative trait

Call:  glm(formula = formula.new, family = gaussian(link = "identity"), 
    data = data.new)

Coefficients:
  minus1        x1        x2  
-0.09800  -0.06403  -0.03654  

Degrees of Freedom: 1000 Total (i.e. Null);  997 Residual
Null Deviance:	    98 
Residual Deviance: 82.96 	AIC: 356.5
[1] "Start reading genotype plink file here"
nbyte: 250
nbyte: 250
reserve: 2520000

M: 10000, N: 1000
size of genoVecofPointers: 1
here
setgeno mark1
setgeno mark2
setgeno mark5
setgeno mark6
time: 186.284
[1] "Genotype reading is done"
Fixed-effect coefficients:
     minus1          x1          x2 
-0.09800000 -0.06403032 -0.03653508 
initial tau is  0.04424224 0.04424224 
iter from getPCG1ofSigmaAndVector 9
iter from getPCG1ofSigmaAndVector 8
iter from getPCG1ofSigmaAndVector 10
iter from getPCG1ofSigmaAndVector 10
iter from getPCG1ofSigmaAndVector 10
iter from getPCG1ofSigmaAndVector 10
iter from getPCG1ofSigmaAndVector 10
iter from getPCG1ofSigmaAndVector 10
iter from getPCG1ofSigmaAndVector 10
iter from getPCG1ofSigmaAndVector 10
iter from getPCG1ofSigmaAndVector 10
iter from getPCG1ofSigmaAndVector 10
iter from getPCG1ofSigmaAndVector 10
iter from getPCG1ofSigmaAndVector 10
iter from getPCG1ofSigmaAndVector 10
iter from getPCG1ofSigmaAndVector 10
iter from getPCG1ofSigmaAndVector 10
iter from getPCG1ofSigmaAndVector 10
iter from getPCG1ofSigmaAndVector 10
iter from getPCG1ofSigmaAndVector 10
iter from getPCG1ofSigmaAndVector 10
iter from getPCG1ofSigmaAndVector 10
iter from getPCG1ofSigmaAndVector 10
iter from getPCG1ofSigmaAndVector 10
iter from getPCG1ofSigmaAndVector 10
iter from getPCG1ofSigmaAndVector 10
iter from getPCG1ofSigmaAndVector 10
iter from getPCG1ofSigmaAndVector 10
iter from getPCG1ofSigmaAndVector 10
iter from getPCG1ofSigmaAndVector 10
iter from getPCG1ofSigmaAndVector 10
iter from getPCG1ofSigmaAndVector 10
iter from getPCG1ofSigmaAndVector 10
iter from getPCG1ofSigmaAndVector 10
iter from getPCG1ofSigmaAndVector 11
A1(0,0) 260207
iter from getPCG1ofSigmaAndVector 11
Trace
          [,1]
[1,] 13456.130
[2,]  9104.951
Variance component estimates:
[1] 0.04975441 0.04299722

Iteration  1 :
iter from getPCG1ofSigmaAndVector 9
iter from getPCG1ofSigmaAndVector 7
iter from getPCG1ofSigmaAndVector 9
iter from getPCG1ofSigmaAndVector 9
iter from getPCG1ofSigmaAndVector 9
iter from getPCG1ofSigmaAndVector 9
iter from getPCG1ofSigmaAndVector 9
iter from getPCG1ofSigmaAndVector 9
iter from getPCG1ofSigmaAndVector 10
iter from getPCG1ofSigmaAndVector 9
iter from getPCG1ofSigmaAndVector 9
iter from getPCG1ofSigmaAndVector 9
iter from getPCG1ofSigmaAndVector 9
iter from getPCG1ofSigmaAndVector 10
iter from getPCG1ofSigmaAndVector 9
iter from getPCG1ofSigmaAndVector 9
iter from getPCG1ofSigmaAndVector 9
iter from getPCG1ofSigmaAndVector 9
iter from getPCG1ofSigmaAndVector 9
iter from getPCG1ofSigmaAndVector 9
iter from getPCG1ofSigmaAndVector 9
iter from getPCG1ofSigmaAndVector 10
iter from getPCG1ofSigmaAndVector 9
iter from getPCG1ofSigmaAndVector 9
iter from getPCG1ofSigmaAndVector 9
iter from getPCG1ofSigmaAndVector 10
iter from getPCG1ofSigmaAndVector 9
iter from getPCG1ofSigmaAndVector 9
iter from getPCG1ofSigmaAndVector 9
iter from getPCG1ofSigmaAndVector 9
iter from getPCG1ofSigmaAndVector 9
iter from getPCG1ofSigmaAndVector 9
iter from getPCG1ofSigmaAndVector 9
iter from getPCG1ofSigmaAndVector 9
iter from getPCG1ofSigmaAndVector 10
A1(0,0) 203964
iter from getPCG1ofSigmaAndVector 10
0,0203964
0,188440.3
1,088440.3
1,174268.1
cov:  4.975441e-05 -2.775889e-11 3.015994e-11 -2.775889e-11 7.961642e-05 7.431998e-07 3.015994e-11 7.431998e-07 7.872537e-05 
Variance component estimates:
[1] 0.06371644 0.00000000
Fixed-effect coefficients:
[1] -0.09799959 -0.06892584 -0.03779560
abs(alpha - alpha0)/(abs(alpha) + abs(alpha0) + tol)
      minus1           x1           x2 
1.909008e-06 3.200601e-02 1.336275e-02 
tau:  0.06371644 0 
tau0:  0.04975441 0.04299722 
abs(tau - tau0)/(abs(tau) + abs(tau0) + tol)
[1] 0.1046073 0.6825257
tol: [1] 0.02
[1] 1.365051
[1] FALSE
iter from getPCG1ofSigmaAndVector 1
3
1000x1
2x1
iter from getPCG1ofSigmaAndVector 1
iter from getPCG1ofSigmaAndVector 1
iter from getPCG1ofSigmaAndVector 1
t_end - t_begin, fitting the NULL model took 
   user  system elapsed 
 27.111   0.144   7.339 
[1] "step2"
4  threads are set to be used  

Family: gaussian 
Link function: identity 

(geno.subMarkerIndex).n_elem: 500
freq: 0.019 invStd: 5.17933  SNPIdx: 1489
stdGenoMultiMarkersMat.n_rows: 500
stdGenoMultiMarkersMat.n_cols: 1000
i,j 0,0
i,j 0,1
Ntotal: 1000
2147483647
9223372036854775807
9223372036854775807
totalCombination: 499499
a 1
b 1000
tp1 - tp0:  0.122 0 0.032 0 0 
ni: 7799
kinValueVec2.size(): 3693
tp2 - tp1:  2.019 0.04 0.514 0 0 
tb-ta
   user  system elapsed 
  2.144   0.040   0.551 
length(sparseMList$iIndex):  3693 
  [1] 999   1   1   1   1   1   1   2   2   2   2   2   2 874 874 874 126 126
 [19] 749 251 251 251 251 251 251 997   3   3   3   3   3 873 873 873 127 748
 [37] 252 252 252 252 252 252 996 996   4   4   4   4 872 872 872 872 872 128
 [55] 995 995   5   5 936 936  64  64  64 871 871 871 871 871 129 994 994 994
 [73] 994   6   6 935 935  65  65 993 993 993 993 993   7   7 934 934 934 934
 [91]  66  66 869 131 131 131 131 131 131 992 992 992
length(sparseMList$jIndex):  3693 
  [1] 1000    3    4    7    8    9   10    3    4    7    8    9   10  880  879
 [16]  877  129  130  750  253  254  257  258  259  260  998    4    7    8    9
 [31]   10  878  877  874  128  750  253  254  257  258  259  260 1000  999    7
 [46]    8    9   10  880  879  877  874  873  130  998  997    7    8  940  939
 [61]   68   69   70  880  879  877  874  873  130 1000  999  998  997    9   10
 [76]  938  937   67   68 1000  999  998  997  994    8    9  940  939  938  937
 [91]   69   70  870  133  134  137  138  139  140 1000  999  997
length(sparseMList$kinValue):  3693 
  [1] 0 0 0 0 0 0 0 0 0 0 0 0 0 0 0 0 0 0 0 0 0 0 0 0 0 0 0 0 0 0 0 0 0 0 0 0 0
 [38] 0 0 0 0 0 0 0 0 0 0 0 0 0 0 0 0 0 0 0 0 0 0 0 0 0 0 0 0 0 0 0 0 0 0 0 0 0
 [75] 0 0 0 0 0 0 0 0 0 0 0 0 0 0 0 0 0 0 0 0 0 0 0 0 0 0 0 0
nrow(sparseSigma):  1000 
ncol(sparseSigma):  1000 
ncol(sparseSigma):  1000 
tc-tb
   user  system elapsed 
  0.051   0.012   0.062 
OK1 
OK2 
OK3 
3
1000x1
2x1
iter from getPCG1ofSigmaAndVector 1
iter from getPCG1ofSigmaAndVector 1
iter from getPCG1ofSigmaAndVector 1
i is  2549 
G0 1 0 1 0 1 0 1 0 0 0 
iter from getPCG1ofSigmaAndVector 1
t1
t1again
t2-t1
   user  system elapsed 
  0.009   0.000   0.009 
i is  673 
G0 0 2 1 1 1 1 2 1 2 1 
iter from getPCG1ofSigmaAndVector 1
t1
t1again
t2-t1
   user  system elapsed 
  0.001   0.000   0.001 
i is  7776 
G0 0 2 1 1 2 1 2 1 0 2 
iter from getPCG1ofSigmaAndVector 1
t1
t1again
t2-t1
   user  system elapsed 
  0.001   0.000   0.001 
i is  4662 
G0 2 1 1 2 1 0 1 1 1 1 
iter from getPCG1ofSigmaAndVector 1
t1
t1again
t2-t1
   user  system elapsed 
  0.001   0.000   0.001 
i is  495 
G0 0 0 0 0 0 0 0 0 0 0 
iter from getPCG1ofSigmaAndVector 1
t1
t1again
t2-t1
   user  system elapsed 
  0.001   0.000   0.001 
i is  7934 
G0 1 0 0 1 0 2 0 0 1 2 
iter from getPCG1ofSigmaAndVector 1
t1
t1again
t2-t1
   user  system elapsed 
  0.001   0.000   0.001 
i is  4876 
G0 0 0 0 0 1 1 1 0 1 1 
iter from getPCG1ofSigmaAndVector 1
t1
t1again
t2-t1
   user  system elapsed 
  0.001   0.000   0.002 
i is  7063 
G0 1 0 1 1 0 0 1 1 0 0 
iter from getPCG1ofSigmaAndVector 1
t1
t1again
t2-t1
   user  system elapsed 
  0.001   0.000   0.001 
i is  6669 
G0 0 0 0 0 0 0 0 0 0 0 
iter from getPCG1ofSigmaAndVector 1
t1
t1again
t2-t1
   user  system elapsed 
  0.001   0.000   0.001 
i is  4903 
G0 0 0 0 0 0 0 0 0 0 0 
iter from getPCG1ofSigmaAndVector 1
t1
t1again
t2-t1
   user  system elapsed 
  0.001   0.000   0.001 
[1] "OK"
[1] "OK1"
i is  612 
G0 0 1 0 0 1 2 0 0 1 1 
iter from getPCG1ofSigmaAndVector 1
t1
t1again
t2-t1
   user  system elapsed 
  0.001   0.000   0.001 
i is  5737 
G0 0 0 0 0 0 0 0 0 0 0 
iter from getPCG1ofSigmaAndVector 1
t1
t1again
t2-t1
   user  system elapsed 
  0.001   0.000   0.001 
i is  5799 
G0 0 0 0 0 0 0 0 0 0 0 
iter from getPCG1ofSigmaAndVector 1
t1
t1again
t2-t1
   user  system elapsed 
  0.001   0.000   0.001 
i is  4709 
G0 0 0 0 0 0 0 0 0 0 0 
iter from getPCG1ofSigmaAndVector 1
t1
t1again
t2-t1
   user  system elapsed 
  0.001   0.000   0.001 
i is  3908 
G0 0 0 0 0 0 0 0 0 0 0 
iter from getPCG1ofSigmaAndVector 1
t1
t1again
t2-t1
   user  system elapsed 
  0.001   0.000   0.001 
i is  9237 
G0 0 0 0 0 0 0 0 0 0 0 
iter from getPCG1ofSigmaAndVector 1
t1
t1again
t2-t1
   user  system elapsed 
  0.001   0.000   0.001 
i is  147 
G0 0 1 0 0 0 1 0 0 0 0 
iter from getPCG1ofSigmaAndVector 1
t1
t1again
t2-t1
   user  system elapsed 
  0.001   0.000   0.001 
i is  8804 
G0 0 0 0 0 0 0 0 0 0 0 
iter from getPCG1ofSigmaAndVector 1
t1
t1again
t2-t1
   user  system elapsed 
  0.001   0.000   0.001 
i is  3062 
G0 0 0 0 0 0 0 0 0 0 0 
iter from getPCG1ofSigmaAndVector 1
t1
t1again
t2-t1
   user  system elapsed 
  0.002   0.000   0.001 
i is  5809 
G0 0 1 1 1 0 1 1 1 2 1 
iter from getPCG1ofSigmaAndVector 1
t1
t1again
t2-t1
   user  system elapsed 
  0.001   0.000   0.001 
[1] "OK"
[1] "OK1"
i is  1319 
G0 1 0 1 0 0 0 0 1 0 0 
iter from getPCG1ofSigmaAndVector 1
t1
t1again
t2-t1
   user  system elapsed 
  0.001   0.000   0.001 
i is  1952 
G0 1 1 0 0 0 0 0 0 0 0 
iter from getPCG1ofSigmaAndVector 1
t1
t1again
t2-t1
   user  system elapsed 
  0.001   0.000   0.001 
i is  4572 
G0 0 0 0 0 1 0 1 0 0 0 
iter from getPCG1ofSigmaAndVector 1
t1
t1again
t2-t1
   user  system elapsed 
  0.001   0.000   0.001 
i is  6891 
G0 0 1 0 1 0 0 0 0 0 0 
iter from getPCG1ofSigmaAndVector 1
t1
t1again
t2-t1
   user  system elapsed 
  0.001   0.000   0.001 
i is  6186 
G0 1 1 1 1 1 0 1 2 1 1 
iter from getPCG1ofSigmaAndVector 1
t1
t1again
t2-t1
   user  system elapsed 
  0.001   0.000   0.001 
i is  3106 
G0 0 0 0 0 0 0 0 0 0 0 
iter from getPCG1ofSigmaAndVector 1
t1
t1again
t2-t1
   user  system elapsed 
  0.001   0.000   0.000 
i is  7042 
G0 0 0 0 0 0 0 0 0 0 0 
iter from getPCG1ofSigmaAndVector 1
t1
t1again
t2-t1
   user  system elapsed 
  0.001   0.000   0.001 
i is  4657 
G0 0 1 0 1 0 0 0 0 0 1 
iter from getPCG1ofSigmaAndVector 1
t1
t1again
t2-t1
   user  system elapsed 
  0.001   0.000   0.001 
i is  2878 
G0 0 0 0 0 1 0 0 0 0 0 
iter from getPCG1ofSigmaAndVector 1
t1
t1again
t2-t1
   user  system elapsed 
  0.001   0.000   0.000 
i is  1586 
G0 0 0 0 0 0 0 0 0 0 0 
iter from getPCG1ofSigmaAndVector 1
t1
t1again
t2-t1
   user  system elapsed 
  0.000   0.000   0.001 
[1] "OK"
[1] "OK1"
[1] "OK2"
CV for variance ratio estimate using  30  markers is  1.212472e-09  <  1 
varRatio 1 
[1] 1
     [,1]
[1,]    1
     [,1]
[1,]    1
[1] "./output/example.varianceRatio.txt"
  V1
1  1
closed the plinkFile!
