	Command being timed: "Rscript step2_SPAtests.R --vcfFile=./input/genotype_10markers.missingness.vcf.gz --vcfFileIndex=./input/genotype_10markers.missingness.vcf.gz.tbi --vcfField=GT --chrom=1 --minMAF=0.0001 --minMAC=1 --sampleFile=./input/sampleIDindosage.txt --GMMATmodelFile=./output_test/example_survival.rda --varianceRatioFile=./output_test/example_survival.varianceRatio.txt --SAIGEOutputFile=./output_test/example_survival.SAIGE.vcf.genotype.SPAfast_0.36.6.1.txt --numLinesOutput=2 --IsOutputAFinCaseCtrl=TRUE --IsOutputNinCaseCtrl=TRUE --IsSPAfast=TRUE"
	User time (seconds): 1.63
	System time (seconds): 0.22
	Percent of CPU this job got: 75%
	Elapsed (wall clock) time (h:mm:ss or m:ss): 0:02.44
	Average shared text size (kbytes): 0
	Average unshared data size (kbytes): 0
	Average stack size (kbytes): 0
	Average total size (kbytes): 0
	Maximum resident set size (kbytes): 206172
	Average resident set size (kbytes): 0
	Major (requiring I/O) page faults: 2
	Minor (reclaiming a frame) page faults: 64696
	Voluntary context switches: 771
	Involuntary context switches: 6
	Swaps: 0
	File system inputs: 9736
	File system outputs: 56
	Socket messages sent: 0
	Socket messages received: 0
	Signals delivered: 0
	Page size (bytes): 4096
	Exit status: 0
