	Command being timed: "Rscript step2_SPAtests.R --vcfFile=./input/genotype_10markers.missingness.vcf.gz --vcfFileIndex=./input/genotype_10markers.missingness.vcf.gz.tbi --vcfField=GT --chrom=1 --minMAF=0.0001 --minMAC=1 --sampleFile=./input/sampleIDindosage.txt --GMMATmodelFile=./output_test/example_survival.rda --varianceRatioFile=./output_test/example_survival.varianceRatio.txt --SAIGEOutputFile=./output_test/example_survival.SAIGE.vcf.genotype.SPAfast_0.36.6.1.txt --numLinesOutput=2 --IsOutputAFinCaseCtrl=TRUE --IsOutputNinCaseCtrl=TRUE --IsSPAfast=TRUE"
	User time (seconds): 1.96
	System time (seconds): 0.22
	Percent of CPU this job got: 63%
	Elapsed (wall clock) time (h:mm:ss or m:ss): 0:03.45
	Average shared text size (kbytes): 0
	Average unshared data size (kbytes): 0
	Average stack size (kbytes): 0
	Average total size (kbytes): 0
	Maximum resident set size (kbytes): 192396
	Average resident set size (kbytes): 0
	Major (requiring I/O) page faults: 47
	Minor (reclaiming a frame) page faults: 61401
	Voluntary context switches: 1127
	Involuntary context switches: 12
	Swaps: 0
	File system inputs: 114864
	File system outputs: 56
	Socket messages sent: 0
	Socket messages received: 0
	Signals delivered: 0
	Page size (bytes): 4096
	Exit status: 0
