$plinkFile
[1] "./input/plinkforGRM_1000samples_10kMarkers"

$phenoFile
[1] "./input/pheno_1000samples.txt"

$phenoCol
[1] "y"

$traitType
[1] "quantitative"

$invNormalize
[1] TRUE

$covarColList
[1] "x1,x2"

$sampleIDColinphenoFile
[1] "IID"

$tol
[1] 0.02

$tolPCG
[1] 1e-05

$maxiterPCG
[1] 500

$nThreads
[1] 4

$SPAcutoff
[1] 2

$numMarkers
[1] 30

$skipModelFitting
[1] FALSE

$memoryChunk
[1] 2

$tauInit
[1] "0,0"

$LOCO
[1] FALSE

$traceCVcutoff
[1] 0.0025

$ratioCVcutoff
[1] 0.001

$outputPrefix
[1] "./output/example_quantitativetest"

$IsSparseKin
[1] FALSE

$sparseSigmaFile
[1] ""

$sparseSigmaSampleIDFile
[1] ""

$numRandomMarkerforSparseKin
[1] 500

$isCateVarianceRatio
[1] FALSE

$relatednessCutoff
[1] 0.125

$cateVarRatioIndexVec
[1] "1,1,1,1,1,1"

$cateVarRatioMinMACVecExclude
[1] "0.5,1.5,2.5,3.5,4.5,5.5"

$cateVarRatioMaxMACVecInclude
[1] "1.5,2.5,3.5,4.5,5.5"

$isCovariateTransform
[1] TRUE

$isDiagofKinSetAsOne
[1] FALSE

$help
[1] FALSE

4  threads are set to be used  
1000  samples have genotypes
formula is  y~x1+x2 
1000  samples have non-missing phenotypes
1000  samples will be used for analysis
Perform the inverse nomalization for  y 
qr transformation has been performed on covariates
colnames(data.new) is  Y minus1 x1 x2 
out.transform$Param.transform$qrr:  3 3 
y  is a quantitative trait
glm:

Call:  glm(formula = formula.new, family = gaussian(link = "identity"), 
    data = data.new)

Coefficients:
  minus1        x1        x2  
-0.05109  -0.11383  -0.06495  

Degrees of Freedom: 1000 Total (i.e. Null);  997 Residual
Null Deviance:	    282 
Residual Deviance: 262.2 	AIC: 1507
Start fitting the NULL GLMM
   user  system elapsed 
  1.678   0.153   1.882 
[1] "Start reading genotype plink file here"
nbyte: 250
nbyte: 250
reserve: 2520000

M: 10000, N: 1000
size of genoVecofPointers: 1
here
setgeno mark1
setgeno mark2
setgeno mark5
setgeno mark6
time: 274.107
[1] "Genotype reading is done"
Fixed-effect coefficients:
     minus1          x1          x2 
-0.05108554 -0.11383074 -0.06495072 
initial tau is  0.139825 0.139825 
setgeno mark7 0
-0.250837 -0.250837 -0.250837 -0.250837 -0.250837 -0.250837 -0.250837 -0.250837 -0.250837 -0.250837 
iter from getPCG1ofSigmaAndVector 10
Sigma_iY1(j): -0.223274
Sigma_iY1(j): -0.288355
Sigma_iY1(j): 0.327803
Sigma_iY1(j): 0.0856219
Sigma_iY1(j): -0.571728
Sigma_iY1(j): 0.0850863
Sigma_iY1(j): -0.494298
Sigma_iY1(j): 0.176817
Sigma_iY1(j): 0.481283
Sigma_iY1(j): 0.375641
iter from getPCG1ofSigmaAndVector 8
iter from getPCG1ofSigmaAndVector 10
iter from getPCG1ofSigmaAndVector 10
iter from getPCG1ofSigmaAndVector 10
iter from getPCG1ofSigmaAndVector 10
iter from getPCG1ofSigmaAndVector 10
iter from getPCG1ofSigmaAndVector 10
iter from getPCG1ofSigmaAndVector 10
iter from getPCG1ofSigmaAndVector 10
iter from getPCG1ofSigmaAndVector 10
iter from getPCG1ofSigmaAndVector 10
iter from getPCG1ofSigmaAndVector 10
iter from getPCG1ofSigmaAndVector 10
iter from getPCG1ofSigmaAndVector 10
iter from getPCG1ofSigmaAndVector 10
iter from getPCG1ofSigmaAndVector 10
iter from getPCG1ofSigmaAndVector 10
iter from getPCG1ofSigmaAndVector 10
iter from getPCG1ofSigmaAndVector 10
iter from getPCG1ofSigmaAndVector 10
iter from getPCG1ofSigmaAndVector 10
iter from getPCG1ofSigmaAndVector 10
iter from getPCG1ofSigmaAndVector 10
iter from getPCG1ofSigmaAndVector 10
iter from getPCG1ofSigmaAndVector 10
iter from getPCG1ofSigmaAndVector 10
iter from getPCG1ofSigmaAndVector 10
iter from getPCG1ofSigmaAndVector 10
iter from getPCG1ofSigmaAndVector 10
iter from getPCG1ofSigmaAndVector 10
iter from getPCG1ofSigmaAndVector 10
iter from getPCG1ofSigmaAndVector 10
iter from getPCG1ofSigmaAndVector 10
iter from getPCG1ofSigmaAndVector 10
A1(0,0) 26087.6
iter from getPCG1ofSigmaAndVector 10
Trace
         [,1]
[1,] 4257.674
[2,] 2880.911
Variance component estimates:
[1] 0.1572411 0.1358903

Iteration  1 :
iter from getPCG1ofSigmaAndVector 9
Sigma_iY1(j): -0.224984
Sigma_iY1(j): -0.273387
Sigma_iY1(j): 0.253785
Sigma_iY1(j): 0.0561713
Sigma_iY1(j): -0.545852
Sigma_iY1(j): 0.038799
Sigma_iY1(j): -0.462113
Sigma_iY1(j): 0.119038
Sigma_iY1(j): 0.393947
Sigma_iY1(j): 0.311651
iter from getPCG1ofSigmaAndVector 7
iter from getPCG1ofSigmaAndVector 9
iter from getPCG1ofSigmaAndVector 9
iter from getPCG1ofSigmaAndVector 9
iter from getPCG1ofSigmaAndVector 9
iter from getPCG1ofSigmaAndVector 9
iter from getPCG1ofSigmaAndVector 9
iter from getPCG1ofSigmaAndVector 10
iter from getPCG1ofSigmaAndVector 9
iter from getPCG1ofSigmaAndVector 9
iter from getPCG1ofSigmaAndVector 9
iter from getPCG1ofSigmaAndVector 9
iter from getPCG1ofSigmaAndVector 10
iter from getPCG1ofSigmaAndVector 9
iter from getPCG1ofSigmaAndVector 9
iter from getPCG1ofSigmaAndVector 9
iter from getPCG1ofSigmaAndVector 9
iter from getPCG1ofSigmaAndVector 9
iter from getPCG1ofSigmaAndVector 9
iter from getPCG1ofSigmaAndVector 9
iter from getPCG1ofSigmaAndVector 10
iter from getPCG1ofSigmaAndVector 9
iter from getPCG1ofSigmaAndVector 9
iter from getPCG1ofSigmaAndVector 9
iter from getPCG1ofSigmaAndVector 10
iter from getPCG1ofSigmaAndVector 9
iter from getPCG1ofSigmaAndVector 9
iter from getPCG1ofSigmaAndVector 9
iter from getPCG1ofSigmaAndVector 9
iter from getPCG1ofSigmaAndVector 9
iter from getPCG1ofSigmaAndVector 9
iter from getPCG1ofSigmaAndVector 9
iter from getPCG1ofSigmaAndVector 9
iter from getPCG1ofSigmaAndVector 10
A1(0,0) 20448.2
iter from getPCG1ofSigmaAndVector 9
0,020448.2
0,18851.21
1,08851.21
1,17439.87
cov:  0.0001572412 -8.617278e-11 9.581876e-11 -8.617278e-11 0.0002516178 2.348823e-06 9.581876e-11 2.348823e-06 0.0002488017 
Variance component estimates:
[1] 0.20116225 0.05998947
Fixed-effect coefficients:
[1] -0.05108481 -0.12253350 -0.06719120
abs(alpha - alpha0)/(abs(alpha) + abs(alpha0) + tol)
      minus1           x1           x2 
6.021867e-06 3.394685e-02 1.472626e-02 
tau:  0.2011622 0.05998947 
tau0:  0.1572411 0.1358903 
abs(tau - tau0)/(abs(tau) + abs(tau0) + tol)
[1] 0.1160695 0.3515885
tol: [1] 0.02
[1] 0.7031771
[1] FALSE

Iteration  2 :
iter from getPCG1ofSigmaAndVector 6
Sigma_iY1(j): -0.321835
Sigma_iY1(j): -0.321459
Sigma_iY1(j): -0.0705112
Sigma_iY1(j): -0.12737
Sigma_iY1(j): -0.57334
Sigma_iY1(j): -0.20894
Sigma_iY1(j): -0.463045
Sigma_iY1(j): -0.170826
Sigma_iY1(j): 0.022113
Sigma_iY1(j): 0.0128276
iter from getPCG1ofSigmaAndVector 5
iter from getPCG1ofSigmaAndVector 6
iter from getPCG1ofSigmaAndVector 6
iter from getPCG1ofSigmaAndVector 6
iter from getPCG1ofSigmaAndVector 6
iter from getPCG1ofSigmaAndVector 6
iter from getPCG1ofSigmaAndVector 6
iter from getPCG1ofSigmaAndVector 6
iter from getPCG1ofSigmaAndVector 6
iter from getPCG1ofSigmaAndVector 6
iter from getPCG1ofSigmaAndVector 6
iter from getPCG1ofSigmaAndVector 6
iter from getPCG1ofSigmaAndVector 6
iter from getPCG1ofSigmaAndVector 6
iter from getPCG1ofSigmaAndVector 6
iter from getPCG1ofSigmaAndVector 6
iter from getPCG1ofSigmaAndVector 6
iter from getPCG1ofSigmaAndVector 6
iter from getPCG1ofSigmaAndVector 6
iter from getPCG1ofSigmaAndVector 6
iter from getPCG1ofSigmaAndVector 6
iter from getPCG1ofSigmaAndVector 6
iter from getPCG1ofSigmaAndVector 6
iter from getPCG1ofSigmaAndVector 6
iter from getPCG1ofSigmaAndVector 6
iter from getPCG1ofSigmaAndVector 6
iter from getPCG1ofSigmaAndVector 6
iter from getPCG1ofSigmaAndVector 6
iter from getPCG1ofSigmaAndVector 6
iter from getPCG1ofSigmaAndVector 6
iter from getPCG1ofSigmaAndVector 6
iter from getPCG1ofSigmaAndVector 6
iter from getPCG1ofSigmaAndVector 6
iter from getPCG1ofSigmaAndVector 6
A1(0,0) 17738.9
iter from getPCG1ofSigmaAndVector 7
0,017738.9
0,111092
1,011092
1,114114.4
cov:  0.0002011621 1.02526e-10 1.415361e-10 1.02526e-10 0.0002506843 1.348543e-06 1.415361e-10 1.348543e-06 0.0002491242 
Variance component estimates:
[1] 0.2453365 0.0000000
Fixed-effect coefficients:
[1] -0.05108524 -0.11904308 -0.06649997
abs(alpha - alpha0)/(abs(alpha) + abs(alpha0) + tol)
[1] 3.598134e-06 1.334377e-02 4.497510e-03
tau:  0.2453365 0 
tau0:  0.2011622 0.05998947 
abs(tau - tau0)/(abs(tau) + abs(tau0) + tol)
[1] 0.09469322 0.74996710
tol: [1] 0.02
[1] 1.499934
[1] FALSE
iter from getPCG1ofSigmaAndVector 1
3
1000x1
2x1
iter from getPCG1ofSigmaAndVector 1
iter from getPCG1ofSigmaAndVector 1
iter from getPCG1ofSigmaAndVector 1
   user  system elapsed 
 39.959   0.324  12.125 
t_end - t_begin, fitting the NULL model took
   user  system elapsed 
 38.281   0.171  10.243 
[1] "step2"
Start estimating variance ratios

Family: gaussian 
Link function: identity 

Only one variance ratio will be estimated using randomly selected markers with MAC >= 20
3
1000x1
2x1
iter from getPCG1ofSigmaAndVector 1
iter from getPCG1ofSigmaAndVector 1
iter from getPCG1ofSigmaAndVector 1
2549 th marker
G0 1 0 1 0 1 0 1 0 0 0 
iter from getPCG1ofSigmaAndVector 1
673 th marker
G0 0 2 1 1 1 1 2 1 2 1 
iter from getPCG1ofSigmaAndVector 1
7776 th marker
G0 0 2 1 1 2 1 2 1 0 2 
iter from getPCG1ofSigmaAndVector 1
4662 th marker
G0 2 1 1 2 1 0 1 1 1 1 
iter from getPCG1ofSigmaAndVector 1
495 th marker
G0 0 0 0 0 0 0 0 0 0 0 
iter from getPCG1ofSigmaAndVector 1
7934 th marker
G0 1 0 0 1 0 2 0 0 1 2 
iter from getPCG1ofSigmaAndVector 1
4876 th marker
G0 0 0 0 0 1 1 1 0 1 1 
iter from getPCG1ofSigmaAndVector 1
7063 th marker
G0 1 0 1 1 0 0 1 1 0 0 
iter from getPCG1ofSigmaAndVector 1
6669 th marker
G0 0 0 0 0 0 0 0 0 0 0 
iter from getPCG1ofSigmaAndVector 1
4903 th marker
G0 0 0 0 0 0 0 0 0 0 0 
iter from getPCG1ofSigmaAndVector 1
[1] "OK"
[1] "OK1"
612 th marker
G0 0 1 0 0 1 2 0 0 1 1 
iter from getPCG1ofSigmaAndVector 1
5737 th marker
G0 0 0 0 0 0 0 0 0 0 0 
iter from getPCG1ofSigmaAndVector 1
5799 th marker
G0 0 0 0 0 0 0 0 0 0 0 
iter from getPCG1ofSigmaAndVector 1
4709 th marker
G0 0 0 0 0 0 0 0 0 0 0 
iter from getPCG1ofSigmaAndVector 1
3908 th marker
G0 0 0 0 0 0 0 0 0 0 0 
iter from getPCG1ofSigmaAndVector 1
9237 th marker
G0 0 0 0 0 0 0 0 0 0 0 
iter from getPCG1ofSigmaAndVector 1
147 th marker
G0 0 1 0 0 0 1 0 0 0 0 
iter from getPCG1ofSigmaAndVector 1
8804 th marker
G0 0 0 0 0 0 0 0 0 0 0 
iter from getPCG1ofSigmaAndVector 1
3062 th marker
G0 0 0 0 0 0 0 0 0 0 0 
iter from getPCG1ofSigmaAndVector 1
5809 th marker
G0 0 1 1 1 0 1 1 1 2 1 
iter from getPCG1ofSigmaAndVector 1
[1] "OK"
[1] "OK1"
1319 th marker
G0 1 0 1 0 0 0 0 1 0 0 
iter from getPCG1ofSigmaAndVector 1
1952 th marker
G0 1 1 0 0 0 0 0 0 0 0 
iter from getPCG1ofSigmaAndVector 1
4572 th marker
G0 0 0 0 0 1 0 1 0 0 0 
iter from getPCG1ofSigmaAndVector 1
6891 th marker
G0 0 1 0 1 0 0 0 0 0 0 
iter from getPCG1ofSigmaAndVector 1
6186 th marker
G0 1 1 1 1 1 0 1 2 1 1 
iter from getPCG1ofSigmaAndVector 1
3106 th marker
G0 0 0 0 0 0 0 0 0 0 0 
iter from getPCG1ofSigmaAndVector 1
7042 th marker
G0 0 0 0 0 0 0 0 0 0 0 
iter from getPCG1ofSigmaAndVector 1
4657 th marker
G0 0 1 0 1 0 0 0 0 0 1 
iter from getPCG1ofSigmaAndVector 1
2878 th marker
G0 0 0 0 0 1 0 0 0 0 0 
iter from getPCG1ofSigmaAndVector 1
1586 th marker
G0 0 0 0 0 0 0 0 0 0 0 
iter from getPCG1ofSigmaAndVector 1
[1] "OK"
[1] "OK1"
[1] "OK2"
CV for variance ratio estimate using  30  markers is  1.189855e-09  <  0.001 
varRatio 4.076034 
[1] 4.076034
         [,1]
[1,] 4.076034
         [,1]
[1,] 4.076034
[1] "./output/example_quantitativetest.varianceRatio.txt"
        V1
1 4.076034
closed the plinkFile!
