R version 3.6.1 (2019-07-05)
Platform: x86_64-pc-linux-gnu (64-bit)
Running under: Ubuntu 16.04.6 LTS

Matrix products: default
BLAS/LAPACK: /usr/lib/libopenblasp-r0.2.18.so

locale:
 [1] LC_CTYPE=en_US.UTF-8       LC_NUMERIC=C              
 [3] LC_TIME=en_US.UTF-8        LC_COLLATE=en_US.UTF-8    
 [5] LC_MONETARY=en_US.UTF-8    LC_MESSAGES=en_US.UTF-8   
 [7] LC_PAPER=en_US.UTF-8       LC_NAME=C                 
 [9] LC_ADDRESS=C               LC_TELEPHONE=C            
[11] LC_MEASUREMENT=en_US.UTF-8 LC_IDENTIFICATION=C       

attached base packages:
[1] stats     graphics  grDevices utils     datasets  methods   base     

other attached packages:
[1] SAIGE_0.36.3.1

loaded via a namespace (and not attached):
[1] compiler_3.6.1     Matrix_1.2-17      Rcpp_1.0.3         grid_3.6.1        
[5] RcppParallel_4.4.4 lattice_0.20-38   
$vcfFile
[1] "./input/genotype_10markers.vcf.gz"

$vcfFileIndex
[1] "./input/genotype_10markers.vcf.gz.tbi"

$vcfField
[1] "GT"

$bgenFile
[1] ""

$bgenFileIndex
[1] ""

$savFile
[1] ""

$savFileIndex
[1] ""

$idstoExcludeFile
[1] ""

$idstoIncludeFile
[1] ""

$rangestoExcludeFile
[1] ""

$rangestoIncludeFile
[1] ""

$chrom
[1] "1"

$start
[1] 1

$end
[1] 2.5e+08

$IsDropMissingDosages
[1] FALSE

$minMAF
[1] 0

$minMAC
[1] 0.5

$maxMAFforGroupTest
[1] 0.01

$minInfo
[1] 0

$sampleFile
[1] "./input/samplelist.txt"

$GMMATmodelFile
[1] "./output/example_quantitative.rda"

$varianceRatioFile
[1] "./output/example_quantitative_cate.varianceRatio.txt"

$SAIGEOutputFile
[1] "./output/example_quantitative.SAIGE.gene.txt"

$numLinesOutput
[1] 1

$IsSparse
[1] TRUE

$IsOutputAFinCaseCtrl
[1] FALSE

$IsOutputNinCaseCtrl
[1] FALSE

$LOCO
[1] FALSE

$condition
[1] "1:4_1/2"

$sparseSigmaFile
[1] "./output/example_quantitative_cate.varianceRatio.txt_relatednessCutoff_0.125.sparseSigma.mtx"

$groupFile
[1] "./input/groupFile_geneBasedtest_simulation.txt"

$kernel
[1] "linear.weighted"

$method
[1] "optimal.adj"

$weights.beta.rare
[1] "1,25"

$weights.beta.common
[1] "1,25"

$weightMAFcutoff
[1] 0.01

$r.corr
[1] "0"

$IsSingleVarinGroupTest
[1] TRUE

$cateVarRatioMinMACVecExclude
[1] "0.5,1.5,2.5,3.5,4.5,5.5,10.5,20.5"

$cateVarRatioMaxMACVecInclude
[1] "1.5,2.5,3.5,4.5,5.5,10.5,20.5"

$dosageZerodCutoff
[1] 0.2

$IsOutputPvalueNAinGroupTestforBinary
[1] FALSE

$IsAccountforCasecontrolImbalanceinGroupTest
[1] TRUE

$weightsIncludeinGroupFile
[1] FALSE

$IsOutputBETASEinBurdenTest
[1] FALSE

$help
[1] FALSE

weights.beta.rare  is  1 25 
weights.beta.common  is  1 25 
cateVarRatioMinMACVecExclude  is  0.5 1.5 2.5 3.5 4.5 5.5 10.5 20.5 
cateVarRatioMaxMACVecInclude  is  1.5 2.5 3.5 4.5 5.5 10.5 20.5 
group-based test will be performed
Any dosages <=  0.2  for genetic variants with MAC <= 10 are set to be 0 in group tests
1000  samples have been used to fit the glmm null model
obj.glmm.null$LOCO:  FALSE 
Leave-one-chromosome-out option is not applied
variance Ratio is  0.9956994 0.9948896 0.9913679 0.9848068 0.9894443 0.9900063 0.9903483 0.9850578 
10000  sample IDs are found in sample file
[1] 10000     4
[1] "IID"          "IndexInModel" "IndexDose.x"  "IndexDose.y" 
1000  samples were used in fitting the NULL glmm model and are found in sample file
sparse kinship matrix is going to be used
sparseSigmaFile:  ./output/example_quantitative_cate.varianceRatio.txt_relatednessCutoff_0.125.sparseSigma.mtx 
Missing dosages will be mean imputed for the analysis
Analysis started at  1582688195 Seconds
minMAC:  0.5 
minMAF:  0 
Minimum MAF of markers to be tested is  0.00025 
isCondition is  TRUE 
conditionlist is  condMarkers	1:4_1/2 
Open VCF done
To read the field GT
Number of meta lines in the vcf file (lines starting with ##): 7
Number of samples in the vcf file: 1000
std::size_t sample_size = marker_file.samples().size();1000
conditioning on  1:4_1/2 
isCondition is  TRUE 
It is a quantitative trait
isCondition is  TRUE 
Analysis started at  1582688195 Seconds
genetic variants with  0.00025 <= MAF <=  0.01 are included for gene-based tests
Open VCF done
To read the field GT
Number of meta lines in the vcf file (lines starting with ##): 7
Number of samples in the vcf file: 1000
It is a quantitative trait
isCondition is  TRUE 
geneID:  GENE1 
std::size_t sample_size = marker_file.samples().size();1000
cntMarker:  4 
isCondition is  TRUE 
weights:  19.64195 23.8272 23.8272 24.40685 19.64195 
$p.value
[1] 0.6694857

$param
$param$p.val.each
[1] 0.7628465 0.7621557 0.7597430 0.7546392 0.7298125 0.6651358 0.4996643

$param$q.val.each
[1] 3094.474 3100.903 3120.192 3152.340 3255.214 3415.955 3736.793

$param$rho
[1] 0.00 0.01 0.04 0.09 0.25 0.50 1.00

$param$minp
[1] 0.4996643

$param$rho_est
[1] 1


$p.value.resampling
NULL

$condOut
$condOut$p.value
[1] 0.253798

$condOut$param
$condOut$param$p.val.each
[1] 0.4531165 0.4476803 0.4314584 0.4048048 0.3249322 0.2300714 0.1662020

$condOut$param$q.val.each
[1] 2789.826 2823.406 2924.146 3092.046 3629.326 4468.825 6144.467

$condOut$param$rho
[1] 0.00 0.01 0.04 0.09 0.25 0.50 1.00

$condOut$param$minp
[1] 0.166202

$condOut$param$rho_est
[1] 1


$condOut$p.value.resampling
NULL


$IsMeta
[1] TRUE

$markerNumbyMAC
[1] 0 1 0 2 0 0 1 0

$m
[1] 4

$indexNeg
integer(0)

time for SAIGE_SKAT_withRatioVec
   user  system elapsed 
  0.664   0.060   0.608 
saigeskatTest$p.value:  0.6694857 
[1] "OK1"
   user  system elapsed 
  2.342   0.213   2.313 
[1] 1
geneID:  GENE2 
std::size_t sample_size = marker_file.samples().size();1000
cntMarker:  1 
isCondition is  TRUE 
weights:  21.63781 19.64195 
$p.value
[1] 0.7792356

$param
$param$liu_pval
[1] 0.7792356

$param$Is_Converged
[1] 1


$p.value.resampling
NULL

$pval.zero.msg
NULL

$Q
[1] 248.8385

$condOut
$condOut$p.value
[1] 0.7783632

$condOut$param
$condOut$param$liu_pval
[1] 0.7783632

$condOut$param$Is_Converged
[1] 1


$condOut$p.value.resampling
NULL

$condOut$pval.zero.msg
NULL

$condOut$Q
[1] 250.8564


$IsMeta
[1] TRUE

$markerNumbyMAC
[1] 0 0 0 0 0 0 1 0

$m
[1] 1

$indexNeg
integer(0)

time for SAIGE_SKAT_withRatioVec
   user  system elapsed 
  0.018   0.000   0.018 
saigeskatTest$p.value:  0.7792356 
[1] "OK1"
   user  system elapsed 
  2.489   0.213   2.459 
[1] 2
closed the genofile!
Analysis ended at  1582688197 Seconds
Analysis took  1.007345 Seconds
